[2023-04-23 16:01:25,392] INFO Starting the log cleaner (kafka.log.LogCleaner)
[2023-04-23 16:01:25,479] INFO [kafka-log-cleaner-thread-0]: Starting (kafka.log.LogCleaner)
[2023-04-24 17:38:08,188] INFO Starting the log cleaner (kafka.log.LogCleaner)
[2023-04-24 17:38:08,288] INFO [kafka-log-cleaner-thread-0]: Starting (kafka.log.LogCleaner)
[2023-04-24 17:40:56,234] INFO Shutting down the log cleaner. (kafka.log.LogCleaner)
[2023-04-24 17:40:56,235] INFO [kafka-log-cleaner-thread-0]: Shutting down (kafka.log.LogCleaner)
[2023-04-24 17:40:56,235] INFO [kafka-log-cleaner-thread-0]: Shutdown completed (kafka.log.LogCleaner)
[2023-04-24 17:40:56,235] INFO [kafka-log-cleaner-thread-0]: Stopped (kafka.log.LogCleaner)
[2023-04-24 17:41:08,704] INFO Starting the log cleaner (kafka.log.LogCleaner)
[2023-04-24 17:41:08,783] INFO [kafka-log-cleaner-thread-0]: Starting (kafka.log.LogCleaner)
[2023-04-24 18:25:52,723] INFO Shutting down the log cleaner. (kafka.log.LogCleaner)
[2023-04-24 18:25:52,728] INFO [kafka-log-cleaner-thread-0]: Shutting down (kafka.log.LogCleaner)
[2023-04-24 18:25:52,728] INFO [kafka-log-cleaner-thread-0]: Stopped (kafka.log.LogCleaner)
[2023-04-24 18:25:52,728] INFO [kafka-log-cleaner-thread-0]: Shutdown completed (kafka.log.LogCleaner)
[2023-04-24 18:26:05,455] INFO Starting the log cleaner (kafka.log.LogCleaner)
[2023-04-24 18:26:05,532] INFO [kafka-log-cleaner-thread-0]: Starting (kafka.log.LogCleaner)
[2023-04-24 18:58:40,091] INFO Starting the log cleaner (kafka.log.LogCleaner)
[2023-04-24 18:58:40,171] INFO [kafka-log-cleaner-thread-0]: Starting (kafka.log.LogCleaner)
[2023-04-26 17:50:15,099] INFO Starting the log cleaner (kafka.log.LogCleaner)
[2023-04-26 17:50:15,176] INFO [kafka-log-cleaner-thread-0]: Starting (kafka.log.LogCleaner)
[2023-04-26 17:53:41,602] INFO Shutting down the log cleaner. (kafka.log.LogCleaner)
[2023-04-26 17:53:41,603] INFO [kafka-log-cleaner-thread-0]: Shutting down (kafka.log.LogCleaner)
[2023-04-26 17:53:41,604] INFO [kafka-log-cleaner-thread-0]: Shutdown completed (kafka.log.LogCleaner)
[2023-04-26 17:53:41,604] INFO [kafka-log-cleaner-thread-0]: Stopped (kafka.log.LogCleaner)
[2023-04-26 17:59:17,659] INFO Starting the log cleaner (kafka.log.LogCleaner)
[2023-04-26 17:59:17,740] INFO [kafka-log-cleaner-thread-0]: Starting (kafka.log.LogCleaner)
[2023-04-26 18:05:48,147] INFO Shutting down the log cleaner. (kafka.log.LogCleaner)
[2023-04-26 18:05:48,149] INFO [kafka-log-cleaner-thread-0]: Shutting down (kafka.log.LogCleaner)
[2023-04-26 18:05:48,149] INFO [kafka-log-cleaner-thread-0]: Stopped (kafka.log.LogCleaner)
[2023-04-26 18:05:48,149] INFO [kafka-log-cleaner-thread-0]: Shutdown completed (kafka.log.LogCleaner)
[2023-04-26 18:06:56,998] INFO Starting the log cleaner (kafka.log.LogCleaner)
[2023-04-26 18:06:57,068] INFO [kafka-log-cleaner-thread-0]: Starting (kafka.log.LogCleaner)
[2023-04-26 18:07:13,685] INFO Shutting down the log cleaner. (kafka.log.LogCleaner)
[2023-04-26 18:07:13,685] INFO [kafka-log-cleaner-thread-0]: Shutting down (kafka.log.LogCleaner)
[2023-04-26 18:07:13,685] INFO [kafka-log-cleaner-thread-0]: Stopped (kafka.log.LogCleaner)
[2023-04-26 18:07:13,685] INFO [kafka-log-cleaner-thread-0]: Shutdown completed (kafka.log.LogCleaner)
[2023-04-26 18:11:26,573] INFO Starting the log cleaner (kafka.log.LogCleaner)
[2023-04-26 18:11:26,643] INFO [kafka-log-cleaner-thread-0]: Starting (kafka.log.LogCleaner)
[2023-04-27 18:37:01,449] INFO Starting the log cleaner (kafka.log.LogCleaner)
[2023-04-27 18:37:01,519] INFO [kafka-log-cleaner-thread-0]: Starting (kafka.log.LogCleaner)
[2023-04-27 18:37:02,245] INFO Shutting down the log cleaner. (kafka.log.LogCleaner)
[2023-04-27 18:37:02,245] INFO [kafka-log-cleaner-thread-0]: Shutting down (kafka.log.LogCleaner)
[2023-04-27 18:37:02,246] INFO [kafka-log-cleaner-thread-0]: Stopped (kafka.log.LogCleaner)
[2023-04-27 18:37:02,246] INFO [kafka-log-cleaner-thread-0]: Shutdown completed (kafka.log.LogCleaner)
[2023-04-27 18:37:28,685] INFO Starting the log cleaner (kafka.log.LogCleaner)
[2023-04-27 18:37:28,754] INFO [kafka-log-cleaner-thread-0]: Starting (kafka.log.LogCleaner)
[2023-04-27 19:25:31,772] INFO Shutting down the log cleaner. (kafka.log.LogCleaner)
[2023-04-27 19:25:31,774] INFO [kafka-log-cleaner-thread-0]: Shutting down (kafka.log.LogCleaner)
[2023-04-27 19:25:31,774] INFO [kafka-log-cleaner-thread-0]: Stopped (kafka.log.LogCleaner)
[2023-04-27 19:25:31,775] INFO [kafka-log-cleaner-thread-0]: Shutdown completed (kafka.log.LogCleaner)
[2023-04-27 19:25:38,001] INFO Starting the log cleaner (kafka.log.LogCleaner)
[2023-04-27 19:25:38,079] INFO [kafka-log-cleaner-thread-0]: Starting (kafka.log.LogCleaner)
[2023-04-27 19:28:39,040] INFO Starting the log cleaner (kafka.log.LogCleaner)
[2023-04-27 19:28:39,108] INFO [kafka-log-cleaner-thread-0]: Starting (kafka.log.LogCleaner)
[2023-04-27 19:29:30,972] INFO Starting the log cleaner (kafka.log.LogCleaner)
[2023-04-27 19:29:31,053] INFO [kafka-log-cleaner-thread-0]: Starting (kafka.log.LogCleaner)
[2023-04-27 19:29:51,138] INFO Starting the log cleaner (kafka.log.LogCleaner)
[2023-04-27 19:29:51,216] INFO [kafka-log-cleaner-thread-0]: Starting (kafka.log.LogCleaner)
[2023-04-27 19:29:51,801] INFO Shutting down the log cleaner. (kafka.log.LogCleaner)
[2023-04-27 19:29:51,801] INFO [kafka-log-cleaner-thread-0]: Shutting down (kafka.log.LogCleaner)
[2023-04-27 19:29:51,802] INFO [kafka-log-cleaner-thread-0]: Stopped (kafka.log.LogCleaner)
[2023-04-27 19:29:51,802] INFO [kafka-log-cleaner-thread-0]: Shutdown completed (kafka.log.LogCleaner)
[2023-04-27 19:30:05,665] INFO Starting the log cleaner (kafka.log.LogCleaner)
[2023-04-27 19:30:05,737] INFO [kafka-log-cleaner-thread-0]: Starting (kafka.log.LogCleaner)
[2023-04-27 19:31:56,892] INFO Starting the log cleaner (kafka.log.LogCleaner)
[2023-04-27 19:31:56,969] INFO [kafka-log-cleaner-thread-0]: Starting (kafka.log.LogCleaner)
[2023-04-27 19:33:40,142] INFO Starting the log cleaner (kafka.log.LogCleaner)
[2023-04-27 19:33:40,212] INFO [kafka-log-cleaner-thread-0]: Starting (kafka.log.LogCleaner)
[2023-04-27 19:33:59,818] INFO Starting the log cleaner (kafka.log.LogCleaner)
[2023-04-27 19:33:59,894] INFO [kafka-log-cleaner-thread-0]: Starting (kafka.log.LogCleaner)
[2023-04-27 19:34:00,497] INFO Shutting down the log cleaner. (kafka.log.LogCleaner)
[2023-04-27 19:34:00,497] INFO [kafka-log-cleaner-thread-0]: Shutting down (kafka.log.LogCleaner)
[2023-04-27 19:34:00,498] INFO [kafka-log-cleaner-thread-0]: Stopped (kafka.log.LogCleaner)
[2023-04-27 19:34:00,498] INFO [kafka-log-cleaner-thread-0]: Shutdown completed (kafka.log.LogCleaner)
[2023-04-27 19:34:23,331] INFO Starting the log cleaner (kafka.log.LogCleaner)
[2023-04-27 19:34:23,399] INFO [kafka-log-cleaner-thread-0]: Starting (kafka.log.LogCleaner)
[2023-04-27 19:34:53,009] INFO Starting the log cleaner (kafka.log.LogCleaner)
[2023-04-27 19:34:53,086] INFO [kafka-log-cleaner-thread-0]: Starting (kafka.log.LogCleaner)
[2023-04-27 19:34:53,667] INFO Shutting down the log cleaner. (kafka.log.LogCleaner)
[2023-04-27 19:34:53,668] INFO [kafka-log-cleaner-thread-0]: Shutting down (kafka.log.LogCleaner)
[2023-04-27 19:34:53,669] INFO [kafka-log-cleaner-thread-0]: Stopped (kafka.log.LogCleaner)
[2023-04-27 19:34:53,669] INFO [kafka-log-cleaner-thread-0]: Shutdown completed (kafka.log.LogCleaner)
[2023-04-27 19:36:15,433] INFO Starting the log cleaner (kafka.log.LogCleaner)
[2023-04-27 19:36:15,499] INFO [kafka-log-cleaner-thread-0]: Starting (kafka.log.LogCleaner)
[2023-04-27 19:39:12,406] INFO Starting the log cleaner (kafka.log.LogCleaner)
[2023-04-27 19:39:12,474] INFO [kafka-log-cleaner-thread-0]: Starting (kafka.log.LogCleaner)
[2023-04-27 19:40:03,172] INFO Starting the log cleaner (kafka.log.LogCleaner)
[2023-04-27 19:40:03,239] INFO [kafka-log-cleaner-thread-0]: Starting (kafka.log.LogCleaner)
[2023-04-27 19:40:14,035] INFO Starting the log cleaner (kafka.log.LogCleaner)
[2023-04-27 19:40:14,109] INFO [kafka-log-cleaner-thread-0]: Starting (kafka.log.LogCleaner)
[2023-04-27 19:40:14,701] INFO Shutting down the log cleaner. (kafka.log.LogCleaner)
[2023-04-27 19:40:14,701] INFO [kafka-log-cleaner-thread-0]: Shutting down (kafka.log.LogCleaner)
[2023-04-27 19:40:14,702] INFO [kafka-log-cleaner-thread-0]: Stopped (kafka.log.LogCleaner)
[2023-04-27 19:40:14,702] INFO [kafka-log-cleaner-thread-0]: Shutdown completed (kafka.log.LogCleaner)
[2023-04-27 19:41:06,130] INFO Starting the log cleaner (kafka.log.LogCleaner)
[2023-04-27 19:41:06,202] INFO [kafka-log-cleaner-thread-0]: Starting (kafka.log.LogCleaner)
[2023-04-27 19:42:55,660] INFO Starting the log cleaner (kafka.log.LogCleaner)
[2023-04-27 19:42:55,732] INFO [kafka-log-cleaner-thread-0]: Starting (kafka.log.LogCleaner)
[2023-04-27 19:57:02,230] INFO Starting the log cleaner (kafka.log.LogCleaner)
[2023-04-27 19:57:02,302] INFO [kafka-log-cleaner-thread-0]: Starting (kafka.log.LogCleaner)
[2023-04-27 20:10:33,062] INFO Starting the log cleaner (kafka.log.LogCleaner)
[2023-04-27 20:10:33,132] INFO [kafka-log-cleaner-thread-0]: Starting (kafka.log.LogCleaner)
[2023-04-27 20:31:48,008] INFO Shutting down the log cleaner. (kafka.log.LogCleaner)
[2023-04-27 20:31:48,008] INFO [kafka-log-cleaner-thread-0]: Shutting down (kafka.log.LogCleaner)
[2023-04-27 20:31:48,008] INFO [kafka-log-cleaner-thread-0]: Stopped (kafka.log.LogCleaner)
[2023-04-27 20:31:48,008] INFO [kafka-log-cleaner-thread-0]: Shutdown completed (kafka.log.LogCleaner)
[2023-04-27 20:33:11,887] INFO Starting the log cleaner (kafka.log.LogCleaner)
[2023-04-27 20:33:11,955] INFO [kafka-log-cleaner-thread-0]: Starting (kafka.log.LogCleaner)
[2023-04-27 20:33:12,731] INFO Shutting down the log cleaner. (kafka.log.LogCleaner)
[2023-04-27 20:33:12,731] INFO [kafka-log-cleaner-thread-0]: Shutting down (kafka.log.LogCleaner)
[2023-04-27 20:33:12,734] INFO [kafka-log-cleaner-thread-0]: Stopped (kafka.log.LogCleaner)
[2023-04-27 20:33:12,734] INFO [kafka-log-cleaner-thread-0]: Shutdown completed (kafka.log.LogCleaner)
[2023-04-27 20:33:22,382] INFO Starting the log cleaner (kafka.log.LogCleaner)
[2023-04-27 20:33:22,451] INFO [kafka-log-cleaner-thread-0]: Starting (kafka.log.LogCleaner)
[2023-04-28 11:11:58,469] INFO Starting the log cleaner (kafka.log.LogCleaner)
[2023-04-28 11:11:58,554] INFO [kafka-log-cleaner-thread-0]: Starting (kafka.log.LogCleaner)
[2023-04-28 11:11:59,324] INFO Shutting down the log cleaner. (kafka.log.LogCleaner)
[2023-04-28 11:11:59,324] INFO [kafka-log-cleaner-thread-0]: Shutting down (kafka.log.LogCleaner)
[2023-04-28 11:11:59,325] INFO [kafka-log-cleaner-thread-0]: Stopped (kafka.log.LogCleaner)
[2023-04-28 11:11:59,325] INFO [kafka-log-cleaner-thread-0]: Shutdown completed (kafka.log.LogCleaner)
[2023-04-28 11:12:10,402] INFO Starting the log cleaner (kafka.log.LogCleaner)
[2023-04-28 11:12:10,479] INFO [kafka-log-cleaner-thread-0]: Starting (kafka.log.LogCleaner)
[2023-04-28 16:11:24,279] INFO Shutting down the log cleaner. (kafka.log.LogCleaner)
[2023-04-28 16:11:24,281] INFO [kafka-log-cleaner-thread-0]: Shutting down (kafka.log.LogCleaner)
[2023-04-28 16:11:24,282] INFO [kafka-log-cleaner-thread-0]: Stopped (kafka.log.LogCleaner)
[2023-04-28 16:11:24,282] INFO [kafka-log-cleaner-thread-0]: Shutdown completed (kafka.log.LogCleaner)
