[2023-04-27 20:02:43,534] INFO [Controller id=0 epoch=1] Sending UpdateMetadata request to brokers HashSet() for 0 partitions (state.change.logger)
[2023-04-27 20:10:33,865] INFO [Controller id=0 epoch=1] Sending UpdateMetadata request to brokers HashSet(0) for 0 partitions (state.change.logger)
[2023-04-27 20:10:47,089] INFO [Controller id=0 epoch=1] Changed partition todos-0 state from NonExistentPartition to NewPartition with assigned replicas 0 (state.change.logger)
[2023-04-27 20:10:47,089] INFO [Controller id=0 epoch=1] Sending UpdateMetadata request to brokers HashSet() for 0 partitions (state.change.logger)
[2023-04-27 20:10:47,093] INFO [Controller id=0 epoch=1] Sending UpdateMetadata request to brokers HashSet() for 0 partitions (state.change.logger)
[2023-04-27 20:10:47,122] INFO [Controller id=0 epoch=1] Changed partition todos-0 from NewPartition to OnlinePartition with state LeaderAndIsr(leader=0, leaderEpoch=0, isr=List(0), leaderRecoveryState=RECOVERED, partitionEpoch=0) (state.change.logger)
[2023-04-27 20:10:47,123] INFO [Controller id=0 epoch=1] Sending LeaderAndIsr request to broker 0 with 1 become-leader and 0 become-follower partitions (state.change.logger)
[2023-04-27 20:10:47,124] INFO [Controller id=0 epoch=1] Sending UpdateMetadata request to brokers HashSet(0) for 1 partitions (state.change.logger)
[2023-04-27 20:10:47,126] INFO [Controller id=0 epoch=1] Sending UpdateMetadata request to brokers HashSet() for 0 partitions (state.change.logger)
[2023-04-27 20:10:47,129] INFO [Broker id=0] Handling LeaderAndIsr request correlationId 1 from controller 0 for 1 partitions (state.change.logger)
[2023-04-27 20:10:47,153] INFO [Broker id=0] Stopped fetchers as part of LeaderAndIsr request correlationId 1 from controller 0 epoch 1 as part of the become-leader transition for 1 partitions (state.change.logger)
[2023-04-27 20:10:47,229] INFO [Broker id=0] Leader todos-0 with topic id Some(iWBeYgxOTQilzvRKx81DgA) starts at leader epoch 0 from offset 0 with partition epoch 0, high watermark 0, ISR [0], adding replicas [] and removing replicas []. Previous leader epoch was -1. (state.change.logger)
[2023-04-27 20:10:47,254] INFO [Broker id=0] Finished LeaderAndIsr request in 127ms correlationId 1 from controller 0 for 1 partitions (state.change.logger)
[2023-04-27 20:10:47,264] INFO [Broker id=0] Add 1 partitions and deleted 0 partitions from metadata cache in response to UpdateMetadata request sent by controller 0 epoch 1 with correlation id 2 (state.change.logger)
[2023-04-27 20:11:13,336] INFO [Controller id=0 epoch=1] Changed partition todos_-0 state from NonExistentPartition to NewPartition with assigned replicas 0 (state.change.logger)
[2023-04-27 20:11:13,336] INFO [Controller id=0 epoch=1] Sending UpdateMetadata request to brokers HashSet() for 0 partitions (state.change.logger)
[2023-04-27 20:11:13,336] INFO [Controller id=0 epoch=1] Sending UpdateMetadata request to brokers HashSet() for 0 partitions (state.change.logger)
[2023-04-27 20:11:13,354] INFO [Controller id=0 epoch=1] Changed partition todos_-0 from NewPartition to OnlinePartition with state LeaderAndIsr(leader=0, leaderEpoch=0, isr=List(0), leaderRecoveryState=RECOVERED, partitionEpoch=0) (state.change.logger)
[2023-04-27 20:11:13,354] INFO [Controller id=0 epoch=1] Sending LeaderAndIsr request to broker 0 with 1 become-leader and 0 become-follower partitions (state.change.logger)
[2023-04-27 20:11:13,354] INFO [Controller id=0 epoch=1] Sending UpdateMetadata request to brokers HashSet(0) for 1 partitions (state.change.logger)
[2023-04-27 20:11:13,354] INFO [Controller id=0 epoch=1] Sending UpdateMetadata request to brokers HashSet() for 0 partitions (state.change.logger)
[2023-04-27 20:11:13,355] INFO [Broker id=0] Handling LeaderAndIsr request correlationId 3 from controller 0 for 1 partitions (state.change.logger)
[2023-04-27 20:11:13,356] INFO [Broker id=0] Stopped fetchers as part of LeaderAndIsr request correlationId 3 from controller 0 epoch 1 as part of the become-leader transition for 1 partitions (state.change.logger)
[2023-04-27 20:11:13,384] INFO [Broker id=0] Leader todos_-0 with topic id Some(7wQZU4SXQs6OnWoajyjVDA) starts at leader epoch 0 from offset 0 with partition epoch 0, high watermark 0, ISR [0], adding replicas [] and removing replicas []. Previous leader epoch was -1. (state.change.logger)
[2023-04-27 20:11:13,409] INFO [Broker id=0] Finished LeaderAndIsr request in 54ms correlationId 3 from controller 0 for 1 partitions (state.change.logger)
[2023-04-27 20:11:13,415] INFO [Broker id=0] Add 1 partitions and deleted 0 partitions from metadata cache in response to UpdateMetadata request sent by controller 0 epoch 1 with correlation id 4 (state.change.logger)
[2023-04-27 20:12:04,129] INFO [Controller id=0 epoch=1] Changed partition todos__-0 state from NonExistentPartition to NewPartition with assigned replicas 0 (state.change.logger)
[2023-04-27 20:12:04,129] INFO [Controller id=0 epoch=1] Sending UpdateMetadata request to brokers HashSet() for 0 partitions (state.change.logger)
[2023-04-27 20:12:04,129] INFO [Controller id=0 epoch=1] Sending UpdateMetadata request to brokers HashSet() for 0 partitions (state.change.logger)
[2023-04-27 20:12:04,145] INFO [Controller id=0 epoch=1] Changed partition todos__-0 from NewPartition to OnlinePartition with state LeaderAndIsr(leader=0, leaderEpoch=0, isr=List(0), leaderRecoveryState=RECOVERED, partitionEpoch=0) (state.change.logger)
[2023-04-27 20:12:04,146] INFO [Controller id=0 epoch=1] Sending LeaderAndIsr request to broker 0 with 1 become-leader and 0 become-follower partitions (state.change.logger)
[2023-04-27 20:12:04,146] INFO [Controller id=0 epoch=1] Sending UpdateMetadata request to brokers HashSet(0) for 1 partitions (state.change.logger)
[2023-04-27 20:12:04,146] INFO [Controller id=0 epoch=1] Sending UpdateMetadata request to brokers HashSet() for 0 partitions (state.change.logger)
[2023-04-27 20:12:04,147] INFO [Broker id=0] Handling LeaderAndIsr request correlationId 5 from controller 0 for 1 partitions (state.change.logger)
[2023-04-27 20:12:04,148] INFO [Broker id=0] Stopped fetchers as part of LeaderAndIsr request correlationId 5 from controller 0 epoch 1 as part of the become-leader transition for 1 partitions (state.change.logger)
[2023-04-27 20:12:04,172] INFO [Broker id=0] Leader todos__-0 with topic id Some(S8n3R93uQWCFLL8EnutucQ) starts at leader epoch 0 from offset 0 with partition epoch 0, high watermark 0, ISR [0], adding replicas [] and removing replicas []. Previous leader epoch was -1. (state.change.logger)
[2023-04-27 20:12:04,178] INFO [Broker id=0] Finished LeaderAndIsr request in 31ms correlationId 5 from controller 0 for 1 partitions (state.change.logger)
[2023-04-27 20:12:04,180] INFO [Broker id=0] Add 1 partitions and deleted 0 partitions from metadata cache in response to UpdateMetadata request sent by controller 0 epoch 1 with correlation id 6 (state.change.logger)
[2023-04-27 20:12:29,742] INFO [Controller id=0 epoch=1] Changed partition todos___-0 state from NonExistentPartition to NewPartition with assigned replicas 0 (state.change.logger)
[2023-04-27 20:12:29,742] INFO [Controller id=0 epoch=1] Changed partition todos___-1 state from NonExistentPartition to NewPartition with assigned replicas 0 (state.change.logger)
[2023-04-27 20:12:29,742] INFO [Controller id=0 epoch=1] Sending UpdateMetadata request to brokers HashSet() for 0 partitions (state.change.logger)
[2023-04-27 20:12:29,742] INFO [Controller id=0 epoch=1] Sending UpdateMetadata request to brokers HashSet() for 0 partitions (state.change.logger)
[2023-04-27 20:12:29,758] INFO [Controller id=0 epoch=1] Changed partition todos___-0 from NewPartition to OnlinePartition with state LeaderAndIsr(leader=0, leaderEpoch=0, isr=List(0), leaderRecoveryState=RECOVERED, partitionEpoch=0) (state.change.logger)
[2023-04-27 20:12:29,758] INFO [Controller id=0 epoch=1] Changed partition todos___-1 from NewPartition to OnlinePartition with state LeaderAndIsr(leader=0, leaderEpoch=0, isr=List(0), leaderRecoveryState=RECOVERED, partitionEpoch=0) (state.change.logger)
[2023-04-27 20:12:29,759] INFO [Controller id=0 epoch=1] Sending LeaderAndIsr request to broker 0 with 2 become-leader and 0 become-follower partitions (state.change.logger)
[2023-04-27 20:12:29,759] INFO [Controller id=0 epoch=1] Sending UpdateMetadata request to brokers HashSet(0) for 2 partitions (state.change.logger)
[2023-04-27 20:12:29,759] INFO [Controller id=0 epoch=1] Sending UpdateMetadata request to brokers HashSet() for 0 partitions (state.change.logger)
[2023-04-27 20:12:29,760] INFO [Broker id=0] Handling LeaderAndIsr request correlationId 7 from controller 0 for 2 partitions (state.change.logger)
[2023-04-27 20:12:29,762] INFO [Broker id=0] Stopped fetchers as part of LeaderAndIsr request correlationId 7 from controller 0 epoch 1 as part of the become-leader transition for 2 partitions (state.change.logger)
[2023-04-27 20:12:29,785] INFO [Broker id=0] Leader todos___-1 with topic id Some(AtfJvkb-SUK1glj2fm3tsg) starts at leader epoch 0 from offset 0 with partition epoch 0, high watermark 0, ISR [0], adding replicas [] and removing replicas []. Previous leader epoch was -1. (state.change.logger)
[2023-04-27 20:12:29,801] INFO [Broker id=0] Leader todos___-0 with topic id Some(AtfJvkb-SUK1glj2fm3tsg) starts at leader epoch 0 from offset 0 with partition epoch 0, high watermark 0, ISR [0], adding replicas [] and removing replicas []. Previous leader epoch was -1. (state.change.logger)
[2023-04-27 20:12:29,807] INFO [Broker id=0] Finished LeaderAndIsr request in 47ms correlationId 7 from controller 0 for 2 partitions (state.change.logger)
[2023-04-27 20:12:29,809] INFO [Broker id=0] Add 2 partitions and deleted 0 partitions from metadata cache in response to UpdateMetadata request sent by controller 0 epoch 1 with correlation id 8 (state.change.logger)
[2023-04-27 20:13:17,360] INFO [Controller id=0 epoch=1] Changed partition __consumer_offsets-22 state from NonExistentPartition to NewPartition with assigned replicas 0 (state.change.logger)
[2023-04-27 20:13:17,360] INFO [Controller id=0 epoch=1] Changed partition __consumer_offsets-30 state from NonExistentPartition to NewPartition with assigned replicas 0 (state.change.logger)
[2023-04-27 20:13:17,360] INFO [Controller id=0 epoch=1] Changed partition __consumer_offsets-25 state from NonExistentPartition to NewPartition with assigned replicas 0 (state.change.logger)
[2023-04-27 20:13:17,360] INFO [Controller id=0 epoch=1] Changed partition __consumer_offsets-35 state from NonExistentPartition to NewPartition with assigned replicas 0 (state.change.logger)
[2023-04-27 20:13:17,360] INFO [Controller id=0 epoch=1] Changed partition __consumer_offsets-37 state from NonExistentPartition to NewPartition with assigned replicas 0 (state.change.logger)
[2023-04-27 20:13:17,361] INFO [Controller id=0 epoch=1] Changed partition __consumer_offsets-38 state from NonExistentPartition to NewPartition with assigned replicas 0 (state.change.logger)
[2023-04-27 20:13:17,361] INFO [Controller id=0 epoch=1] Changed partition __consumer_offsets-13 state from NonExistentPartition to NewPartition with assigned replicas 0 (state.change.logger)
[2023-04-27 20:13:17,361] INFO [Controller id=0 epoch=1] Changed partition __consumer_offsets-8 state from NonExistentPartition to NewPartition with assigned replicas 0 (state.change.logger)
[2023-04-27 20:13:17,361] INFO [Controller id=0 epoch=1] Changed partition __consumer_offsets-21 state from NonExistentPartition to NewPartition with assigned replicas 0 (state.change.logger)
[2023-04-27 20:13:17,361] INFO [Controller id=0 epoch=1] Changed partition __consumer_offsets-4 state from NonExistentPartition to NewPartition with assigned replicas 0 (state.change.logger)
[2023-04-27 20:13:17,361] INFO [Controller id=0 epoch=1] Changed partition __consumer_offsets-27 state from NonExistentPartition to NewPartition with assigned replicas 0 (state.change.logger)
[2023-04-27 20:13:17,361] INFO [Controller id=0 epoch=1] Changed partition __consumer_offsets-7 state from NonExistentPartition to NewPartition with assigned replicas 0 (state.change.logger)
[2023-04-27 20:13:17,361] INFO [Controller id=0 epoch=1] Changed partition __consumer_offsets-9 state from NonExistentPartition to NewPartition with assigned replicas 0 (state.change.logger)
[2023-04-27 20:13:17,361] INFO [Controller id=0 epoch=1] Changed partition __consumer_offsets-46 state from NonExistentPartition to NewPartition with assigned replicas 0 (state.change.logger)
[2023-04-27 20:13:17,361] INFO [Controller id=0 epoch=1] Changed partition __consumer_offsets-41 state from NonExistentPartition to NewPartition with assigned replicas 0 (state.change.logger)
[2023-04-27 20:13:17,361] INFO [Controller id=0 epoch=1] Changed partition __consumer_offsets-33 state from NonExistentPartition to NewPartition with assigned replicas 0 (state.change.logger)
[2023-04-27 20:13:17,361] INFO [Controller id=0 epoch=1] Changed partition __consumer_offsets-23 state from NonExistentPartition to NewPartition with assigned replicas 0 (state.change.logger)
[2023-04-27 20:13:17,361] INFO [Controller id=0 epoch=1] Changed partition __consumer_offsets-49 state from NonExistentPartition to NewPartition with assigned replicas 0 (state.change.logger)
[2023-04-27 20:13:17,361] INFO [Controller id=0 epoch=1] Changed partition __consumer_offsets-47 state from NonExistentPartition to NewPartition with assigned replicas 0 (state.change.logger)
[2023-04-27 20:13:17,361] INFO [Controller id=0 epoch=1] Changed partition __consumer_offsets-16 state from NonExistentPartition to NewPartition with assigned replicas 0 (state.change.logger)
[2023-04-27 20:13:17,361] INFO [Controller id=0 epoch=1] Changed partition __consumer_offsets-28 state from NonExistentPartition to NewPartition with assigned replicas 0 (state.change.logger)
[2023-04-27 20:13:17,361] INFO [Controller id=0 epoch=1] Changed partition __consumer_offsets-31 state from NonExistentPartition to NewPartition with assigned replicas 0 (state.change.logger)
[2023-04-27 20:13:17,361] INFO [Controller id=0 epoch=1] Changed partition __consumer_offsets-36 state from NonExistentPartition to NewPartition with assigned replicas 0 (state.change.logger)
[2023-04-27 20:13:17,361] INFO [Controller id=0 epoch=1] Changed partition __consumer_offsets-42 state from NonExistentPartition to NewPartition with assigned replicas 0 (state.change.logger)
[2023-04-27 20:13:17,361] INFO [Controller id=0 epoch=1] Changed partition __consumer_offsets-3 state from NonExistentPartition to NewPartition with assigned replicas 0 (state.change.logger)
[2023-04-27 20:13:17,361] INFO [Controller id=0 epoch=1] Changed partition __consumer_offsets-18 state from NonExistentPartition to NewPartition with assigned replicas 0 (state.change.logger)
[2023-04-27 20:13:17,361] INFO [Controller id=0 epoch=1] Changed partition __consumer_offsets-15 state from NonExistentPartition to NewPartition with assigned replicas 0 (state.change.logger)
[2023-04-27 20:13:17,361] INFO [Controller id=0 epoch=1] Changed partition __consumer_offsets-24 state from NonExistentPartition to NewPartition with assigned replicas 0 (state.change.logger)
[2023-04-27 20:13:17,361] INFO [Controller id=0 epoch=1] Changed partition __consumer_offsets-17 state from NonExistentPartition to NewPartition with assigned replicas 0 (state.change.logger)
[2023-04-27 20:13:17,361] INFO [Controller id=0 epoch=1] Changed partition __consumer_offsets-48 state from NonExistentPartition to NewPartition with assigned replicas 0 (state.change.logger)
[2023-04-27 20:13:17,361] INFO [Controller id=0 epoch=1] Changed partition __consumer_offsets-19 state from NonExistentPartition to NewPartition with assigned replicas 0 (state.change.logger)
[2023-04-27 20:13:17,361] INFO [Controller id=0 epoch=1] Changed partition __consumer_offsets-11 state from NonExistentPartition to NewPartition with assigned replicas 0 (state.change.logger)
[2023-04-27 20:13:17,362] INFO [Controller id=0 epoch=1] Changed partition __consumer_offsets-2 state from NonExistentPartition to NewPartition with assigned replicas 0 (state.change.logger)
[2023-04-27 20:13:17,362] INFO [Controller id=0 epoch=1] Changed partition __consumer_offsets-43 state from NonExistentPartition to NewPartition with assigned replicas 0 (state.change.logger)
[2023-04-27 20:13:17,362] INFO [Controller id=0 epoch=1] Changed partition __consumer_offsets-6 state from NonExistentPartition to NewPartition with assigned replicas 0 (state.change.logger)
[2023-04-27 20:13:17,362] INFO [Controller id=0 epoch=1] Changed partition __consumer_offsets-14 state from NonExistentPartition to NewPartition with assigned replicas 0 (state.change.logger)
[2023-04-27 20:13:17,362] INFO [Controller id=0 epoch=1] Changed partition __consumer_offsets-20 state from NonExistentPartition to NewPartition with assigned replicas 0 (state.change.logger)
[2023-04-27 20:13:17,362] INFO [Controller id=0 epoch=1] Changed partition __consumer_offsets-0 state from NonExistentPartition to NewPartition with assigned replicas 0 (state.change.logger)
[2023-04-27 20:13:17,362] INFO [Controller id=0 epoch=1] Changed partition __consumer_offsets-44 state from NonExistentPartition to NewPartition with assigned replicas 0 (state.change.logger)
[2023-04-27 20:13:17,362] INFO [Controller id=0 epoch=1] Changed partition __consumer_offsets-39 state from NonExistentPartition to NewPartition with assigned replicas 0 (state.change.logger)
[2023-04-27 20:13:17,362] INFO [Controller id=0 epoch=1] Changed partition __consumer_offsets-12 state from NonExistentPartition to NewPartition with assigned replicas 0 (state.change.logger)
[2023-04-27 20:13:17,362] INFO [Controller id=0 epoch=1] Changed partition __consumer_offsets-45 state from NonExistentPartition to NewPartition with assigned replicas 0 (state.change.logger)
[2023-04-27 20:13:17,362] INFO [Controller id=0 epoch=1] Changed partition __consumer_offsets-1 state from NonExistentPartition to NewPartition with assigned replicas 0 (state.change.logger)
[2023-04-27 20:13:17,362] INFO [Controller id=0 epoch=1] Changed partition __consumer_offsets-5 state from NonExistentPartition to NewPartition with assigned replicas 0 (state.change.logger)
[2023-04-27 20:13:17,362] INFO [Controller id=0 epoch=1] Changed partition __consumer_offsets-26 state from NonExistentPartition to NewPartition with assigned replicas 0 (state.change.logger)
[2023-04-27 20:13:17,362] INFO [Controller id=0 epoch=1] Changed partition __consumer_offsets-29 state from NonExistentPartition to NewPartition with assigned replicas 0 (state.change.logger)
[2023-04-27 20:13:17,362] INFO [Controller id=0 epoch=1] Changed partition __consumer_offsets-34 state from NonExistentPartition to NewPartition with assigned replicas 0 (state.change.logger)
[2023-04-27 20:13:17,362] INFO [Controller id=0 epoch=1] Changed partition __consumer_offsets-10 state from NonExistentPartition to NewPartition with assigned replicas 0 (state.change.logger)
[2023-04-27 20:13:17,362] INFO [Controller id=0 epoch=1] Changed partition __consumer_offsets-32 state from NonExistentPartition to NewPartition with assigned replicas 0 (state.change.logger)
[2023-04-27 20:13:17,362] INFO [Controller id=0 epoch=1] Changed partition __consumer_offsets-40 state from NonExistentPartition to NewPartition with assigned replicas 0 (state.change.logger)
[2023-04-27 20:13:17,362] INFO [Controller id=0 epoch=1] Sending UpdateMetadata request to brokers HashSet() for 0 partitions (state.change.logger)
[2023-04-27 20:13:17,364] INFO [Controller id=0 epoch=1] Sending UpdateMetadata request to brokers HashSet() for 0 partitions (state.change.logger)
[2023-04-27 20:13:17,469] INFO [Controller id=0 epoch=1] Changed partition __consumer_offsets-22 from NewPartition to OnlinePartition with state LeaderAndIsr(leader=0, leaderEpoch=0, isr=List(0), leaderRecoveryState=RECOVERED, partitionEpoch=0) (state.change.logger)
[2023-04-27 20:13:17,469] INFO [Controller id=0 epoch=1] Changed partition __consumer_offsets-30 from NewPartition to OnlinePartition with state LeaderAndIsr(leader=0, leaderEpoch=0, isr=List(0), leaderRecoveryState=RECOVERED, partitionEpoch=0) (state.change.logger)
[2023-04-27 20:13:17,469] INFO [Controller id=0 epoch=1] Changed partition __consumer_offsets-25 from NewPartition to OnlinePartition with state LeaderAndIsr(leader=0, leaderEpoch=0, isr=List(0), leaderRecoveryState=RECOVERED, partitionEpoch=0) (state.change.logger)
[2023-04-27 20:13:17,469] INFO [Controller id=0 epoch=1] Changed partition __consumer_offsets-35 from NewPartition to OnlinePartition with state LeaderAndIsr(leader=0, leaderEpoch=0, isr=List(0), leaderRecoveryState=RECOVERED, partitionEpoch=0) (state.change.logger)
[2023-04-27 20:13:17,469] INFO [Controller id=0 epoch=1] Changed partition __consumer_offsets-37 from NewPartition to OnlinePartition with state LeaderAndIsr(leader=0, leaderEpoch=0, isr=List(0), leaderRecoveryState=RECOVERED, partitionEpoch=0) (state.change.logger)
[2023-04-27 20:13:17,469] INFO [Controller id=0 epoch=1] Changed partition __consumer_offsets-38 from NewPartition to OnlinePartition with state LeaderAndIsr(leader=0, leaderEpoch=0, isr=List(0), leaderRecoveryState=RECOVERED, partitionEpoch=0) (state.change.logger)
[2023-04-27 20:13:17,469] INFO [Controller id=0 epoch=1] Changed partition __consumer_offsets-13 from NewPartition to OnlinePartition with state LeaderAndIsr(leader=0, leaderEpoch=0, isr=List(0), leaderRecoveryState=RECOVERED, partitionEpoch=0) (state.change.logger)
[2023-04-27 20:13:17,469] INFO [Controller id=0 epoch=1] Changed partition __consumer_offsets-8 from NewPartition to OnlinePartition with state LeaderAndIsr(leader=0, leaderEpoch=0, isr=List(0), leaderRecoveryState=RECOVERED, partitionEpoch=0) (state.change.logger)
[2023-04-27 20:13:17,469] INFO [Controller id=0 epoch=1] Changed partition __consumer_offsets-21 from NewPartition to OnlinePartition with state LeaderAndIsr(leader=0, leaderEpoch=0, isr=List(0), leaderRecoveryState=RECOVERED, partitionEpoch=0) (state.change.logger)
[2023-04-27 20:13:17,469] INFO [Controller id=0 epoch=1] Changed partition __consumer_offsets-4 from NewPartition to OnlinePartition with state LeaderAndIsr(leader=0, leaderEpoch=0, isr=List(0), leaderRecoveryState=RECOVERED, partitionEpoch=0) (state.change.logger)
[2023-04-27 20:13:17,469] INFO [Controller id=0 epoch=1] Changed partition __consumer_offsets-27 from NewPartition to OnlinePartition with state LeaderAndIsr(leader=0, leaderEpoch=0, isr=List(0), leaderRecoveryState=RECOVERED, partitionEpoch=0) (state.change.logger)
[2023-04-27 20:13:17,469] INFO [Controller id=0 epoch=1] Changed partition __consumer_offsets-7 from NewPartition to OnlinePartition with state LeaderAndIsr(leader=0, leaderEpoch=0, isr=List(0), leaderRecoveryState=RECOVERED, partitionEpoch=0) (state.change.logger)
[2023-04-27 20:13:17,469] INFO [Controller id=0 epoch=1] Changed partition __consumer_offsets-9 from NewPartition to OnlinePartition with state LeaderAndIsr(leader=0, leaderEpoch=0, isr=List(0), leaderRecoveryState=RECOVERED, partitionEpoch=0) (state.change.logger)
[2023-04-27 20:13:17,469] INFO [Controller id=0 epoch=1] Changed partition __consumer_offsets-46 from NewPartition to OnlinePartition with state LeaderAndIsr(leader=0, leaderEpoch=0, isr=List(0), leaderRecoveryState=RECOVERED, partitionEpoch=0) (state.change.logger)
[2023-04-27 20:13:17,469] INFO [Controller id=0 epoch=1] Changed partition __consumer_offsets-41 from NewPartition to OnlinePartition with state LeaderAndIsr(leader=0, leaderEpoch=0, isr=List(0), leaderRecoveryState=RECOVERED, partitionEpoch=0) (state.change.logger)
[2023-04-27 20:13:17,469] INFO [Controller id=0 epoch=1] Changed partition __consumer_offsets-33 from NewPartition to OnlinePartition with state LeaderAndIsr(leader=0, leaderEpoch=0, isr=List(0), leaderRecoveryState=RECOVERED, partitionEpoch=0) (state.change.logger)
[2023-04-27 20:13:17,469] INFO [Controller id=0 epoch=1] Changed partition __consumer_offsets-23 from NewPartition to OnlinePartition with state LeaderAndIsr(leader=0, leaderEpoch=0, isr=List(0), leaderRecoveryState=RECOVERED, partitionEpoch=0) (state.change.logger)
[2023-04-27 20:13:17,469] INFO [Controller id=0 epoch=1] Changed partition __consumer_offsets-49 from NewPartition to OnlinePartition with state LeaderAndIsr(leader=0, leaderEpoch=0, isr=List(0), leaderRecoveryState=RECOVERED, partitionEpoch=0) (state.change.logger)
[2023-04-27 20:13:17,469] INFO [Controller id=0 epoch=1] Changed partition __consumer_offsets-47 from NewPartition to OnlinePartition with state LeaderAndIsr(leader=0, leaderEpoch=0, isr=List(0), leaderRecoveryState=RECOVERED, partitionEpoch=0) (state.change.logger)
[2023-04-27 20:13:17,470] INFO [Controller id=0 epoch=1] Changed partition __consumer_offsets-16 from NewPartition to OnlinePartition with state LeaderAndIsr(leader=0, leaderEpoch=0, isr=List(0), leaderRecoveryState=RECOVERED, partitionEpoch=0) (state.change.logger)
[2023-04-27 20:13:17,470] INFO [Controller id=0 epoch=1] Changed partition __consumer_offsets-28 from NewPartition to OnlinePartition with state LeaderAndIsr(leader=0, leaderEpoch=0, isr=List(0), leaderRecoveryState=RECOVERED, partitionEpoch=0) (state.change.logger)
[2023-04-27 20:13:17,470] INFO [Controller id=0 epoch=1] Changed partition __consumer_offsets-31 from NewPartition to OnlinePartition with state LeaderAndIsr(leader=0, leaderEpoch=0, isr=List(0), leaderRecoveryState=RECOVERED, partitionEpoch=0) (state.change.logger)
[2023-04-27 20:13:17,470] INFO [Controller id=0 epoch=1] Changed partition __consumer_offsets-36 from NewPartition to OnlinePartition with state LeaderAndIsr(leader=0, leaderEpoch=0, isr=List(0), leaderRecoveryState=RECOVERED, partitionEpoch=0) (state.change.logger)
[2023-04-27 20:13:17,470] INFO [Controller id=0 epoch=1] Changed partition __consumer_offsets-42 from NewPartition to OnlinePartition with state LeaderAndIsr(leader=0, leaderEpoch=0, isr=List(0), leaderRecoveryState=RECOVERED, partitionEpoch=0) (state.change.logger)
[2023-04-27 20:13:17,470] INFO [Controller id=0 epoch=1] Changed partition __consumer_offsets-3 from NewPartition to OnlinePartition with state LeaderAndIsr(leader=0, leaderEpoch=0, isr=List(0), leaderRecoveryState=RECOVERED, partitionEpoch=0) (state.change.logger)
[2023-04-27 20:13:17,470] INFO [Controller id=0 epoch=1] Changed partition __consumer_offsets-18 from NewPartition to OnlinePartition with state LeaderAndIsr(leader=0, leaderEpoch=0, isr=List(0), leaderRecoveryState=RECOVERED, partitionEpoch=0) (state.change.logger)
[2023-04-27 20:13:17,470] INFO [Controller id=0 epoch=1] Changed partition __consumer_offsets-15 from NewPartition to OnlinePartition with state LeaderAndIsr(leader=0, leaderEpoch=0, isr=List(0), leaderRecoveryState=RECOVERED, partitionEpoch=0) (state.change.logger)
[2023-04-27 20:13:17,470] INFO [Controller id=0 epoch=1] Changed partition __consumer_offsets-24 from NewPartition to OnlinePartition with state LeaderAndIsr(leader=0, leaderEpoch=0, isr=List(0), leaderRecoveryState=RECOVERED, partitionEpoch=0) (state.change.logger)
[2023-04-27 20:13:17,470] INFO [Controller id=0 epoch=1] Changed partition __consumer_offsets-17 from NewPartition to OnlinePartition with state LeaderAndIsr(leader=0, leaderEpoch=0, isr=List(0), leaderRecoveryState=RECOVERED, partitionEpoch=0) (state.change.logger)
[2023-04-27 20:13:17,471] INFO [Controller id=0 epoch=1] Changed partition __consumer_offsets-48 from NewPartition to OnlinePartition with state LeaderAndIsr(leader=0, leaderEpoch=0, isr=List(0), leaderRecoveryState=RECOVERED, partitionEpoch=0) (state.change.logger)
[2023-04-27 20:13:17,471] INFO [Controller id=0 epoch=1] Changed partition __consumer_offsets-19 from NewPartition to OnlinePartition with state LeaderAndIsr(leader=0, leaderEpoch=0, isr=List(0), leaderRecoveryState=RECOVERED, partitionEpoch=0) (state.change.logger)
[2023-04-27 20:13:17,471] INFO [Controller id=0 epoch=1] Changed partition __consumer_offsets-11 from NewPartition to OnlinePartition with state LeaderAndIsr(leader=0, leaderEpoch=0, isr=List(0), leaderRecoveryState=RECOVERED, partitionEpoch=0) (state.change.logger)
[2023-04-27 20:13:17,471] INFO [Controller id=0 epoch=1] Changed partition __consumer_offsets-2 from NewPartition to OnlinePartition with state LeaderAndIsr(leader=0, leaderEpoch=0, isr=List(0), leaderRecoveryState=RECOVERED, partitionEpoch=0) (state.change.logger)
[2023-04-27 20:13:17,471] INFO [Controller id=0 epoch=1] Changed partition __consumer_offsets-43 from NewPartition to OnlinePartition with state LeaderAndIsr(leader=0, leaderEpoch=0, isr=List(0), leaderRecoveryState=RECOVERED, partitionEpoch=0) (state.change.logger)
[2023-04-27 20:13:17,471] INFO [Controller id=0 epoch=1] Changed partition __consumer_offsets-6 from NewPartition to OnlinePartition with state LeaderAndIsr(leader=0, leaderEpoch=0, isr=List(0), leaderRecoveryState=RECOVERED, partitionEpoch=0) (state.change.logger)
[2023-04-27 20:13:17,471] INFO [Controller id=0 epoch=1] Changed partition __consumer_offsets-14 from NewPartition to OnlinePartition with state LeaderAndIsr(leader=0, leaderEpoch=0, isr=List(0), leaderRecoveryState=RECOVERED, partitionEpoch=0) (state.change.logger)
[2023-04-27 20:13:17,471] INFO [Controller id=0 epoch=1] Changed partition __consumer_offsets-20 from NewPartition to OnlinePartition with state LeaderAndIsr(leader=0, leaderEpoch=0, isr=List(0), leaderRecoveryState=RECOVERED, partitionEpoch=0) (state.change.logger)
[2023-04-27 20:13:17,471] INFO [Controller id=0 epoch=1] Changed partition __consumer_offsets-0 from NewPartition to OnlinePartition with state LeaderAndIsr(leader=0, leaderEpoch=0, isr=List(0), leaderRecoveryState=RECOVERED, partitionEpoch=0) (state.change.logger)
[2023-04-27 20:13:17,471] INFO [Controller id=0 epoch=1] Changed partition __consumer_offsets-44 from NewPartition to OnlinePartition with state LeaderAndIsr(leader=0, leaderEpoch=0, isr=List(0), leaderRecoveryState=RECOVERED, partitionEpoch=0) (state.change.logger)
[2023-04-27 20:13:17,471] INFO [Controller id=0 epoch=1] Changed partition __consumer_offsets-39 from NewPartition to OnlinePartition with state LeaderAndIsr(leader=0, leaderEpoch=0, isr=List(0), leaderRecoveryState=RECOVERED, partitionEpoch=0) (state.change.logger)
[2023-04-27 20:13:17,471] INFO [Controller id=0 epoch=1] Changed partition __consumer_offsets-12 from NewPartition to OnlinePartition with state LeaderAndIsr(leader=0, leaderEpoch=0, isr=List(0), leaderRecoveryState=RECOVERED, partitionEpoch=0) (state.change.logger)
[2023-04-27 20:13:17,471] INFO [Controller id=0 epoch=1] Changed partition __consumer_offsets-45 from NewPartition to OnlinePartition with state LeaderAndIsr(leader=0, leaderEpoch=0, isr=List(0), leaderRecoveryState=RECOVERED, partitionEpoch=0) (state.change.logger)
[2023-04-27 20:13:17,472] INFO [Controller id=0 epoch=1] Changed partition __consumer_offsets-1 from NewPartition to OnlinePartition with state LeaderAndIsr(leader=0, leaderEpoch=0, isr=List(0), leaderRecoveryState=RECOVERED, partitionEpoch=0) (state.change.logger)
[2023-04-27 20:13:17,472] INFO [Controller id=0 epoch=1] Changed partition __consumer_offsets-5 from NewPartition to OnlinePartition with state LeaderAndIsr(leader=0, leaderEpoch=0, isr=List(0), leaderRecoveryState=RECOVERED, partitionEpoch=0) (state.change.logger)
[2023-04-27 20:13:17,472] INFO [Controller id=0 epoch=1] Changed partition __consumer_offsets-26 from NewPartition to OnlinePartition with state LeaderAndIsr(leader=0, leaderEpoch=0, isr=List(0), leaderRecoveryState=RECOVERED, partitionEpoch=0) (state.change.logger)
[2023-04-27 20:13:17,472] INFO [Controller id=0 epoch=1] Changed partition __consumer_offsets-29 from NewPartition to OnlinePartition with state LeaderAndIsr(leader=0, leaderEpoch=0, isr=List(0), leaderRecoveryState=RECOVERED, partitionEpoch=0) (state.change.logger)
[2023-04-27 20:13:17,472] INFO [Controller id=0 epoch=1] Changed partition __consumer_offsets-34 from NewPartition to OnlinePartition with state LeaderAndIsr(leader=0, leaderEpoch=0, isr=List(0), leaderRecoveryState=RECOVERED, partitionEpoch=0) (state.change.logger)
[2023-04-27 20:13:17,472] INFO [Controller id=0 epoch=1] Changed partition __consumer_offsets-10 from NewPartition to OnlinePartition with state LeaderAndIsr(leader=0, leaderEpoch=0, isr=List(0), leaderRecoveryState=RECOVERED, partitionEpoch=0) (state.change.logger)
[2023-04-27 20:13:17,472] INFO [Controller id=0 epoch=1] Changed partition __consumer_offsets-32 from NewPartition to OnlinePartition with state LeaderAndIsr(leader=0, leaderEpoch=0, isr=List(0), leaderRecoveryState=RECOVERED, partitionEpoch=0) (state.change.logger)
[2023-04-27 20:13:17,472] INFO [Controller id=0 epoch=1] Changed partition __consumer_offsets-40 from NewPartition to OnlinePartition with state LeaderAndIsr(leader=0, leaderEpoch=0, isr=List(0), leaderRecoveryState=RECOVERED, partitionEpoch=0) (state.change.logger)
[2023-04-27 20:13:17,472] INFO [Controller id=0 epoch=1] Sending LeaderAndIsr request to broker 0 with 50 become-leader and 0 become-follower partitions (state.change.logger)
[2023-04-27 20:13:17,473] INFO [Controller id=0 epoch=1] Sending UpdateMetadata request to brokers HashSet(0) for 50 partitions (state.change.logger)
[2023-04-27 20:13:17,475] INFO [Controller id=0 epoch=1] Sending UpdateMetadata request to brokers HashSet() for 0 partitions (state.change.logger)
[2023-04-27 20:13:17,475] INFO [Broker id=0] Handling LeaderAndIsr request correlationId 9 from controller 0 for 50 partitions (state.change.logger)
[2023-04-27 20:13:17,501] INFO [Broker id=0] Stopped fetchers as part of LeaderAndIsr request correlationId 9 from controller 0 epoch 1 as part of the become-leader transition for 50 partitions (state.change.logger)
[2023-04-27 20:13:17,528] INFO [Broker id=0] Leader __consumer_offsets-3 with topic id Some(IKLsZhtDRzCl4W7mwWEdwA) starts at leader epoch 0 from offset 0 with partition epoch 0, high watermark 0, ISR [0], adding replicas [] and removing replicas []. Previous leader epoch was -1. (state.change.logger)
[2023-04-27 20:13:17,548] INFO [Broker id=0] Leader __consumer_offsets-18 with topic id Some(IKLsZhtDRzCl4W7mwWEdwA) starts at leader epoch 0 from offset 0 with partition epoch 0, high watermark 0, ISR [0], adding replicas [] and removing replicas []. Previous leader epoch was -1. (state.change.logger)
[2023-04-27 20:13:17,700] INFO [Broker id=0] Leader __consumer_offsets-41 with topic id Some(IKLsZhtDRzCl4W7mwWEdwA) starts at leader epoch 0 from offset 0 with partition epoch 0, high watermark 0, ISR [0], adding replicas [] and removing replicas []. Previous leader epoch was -1. (state.change.logger)
[2023-04-27 20:13:17,716] INFO [Broker id=0] Leader __consumer_offsets-10 with topic id Some(IKLsZhtDRzCl4W7mwWEdwA) starts at leader epoch 0 from offset 0 with partition epoch 0, high watermark 0, ISR [0], adding replicas [] and removing replicas []. Previous leader epoch was -1. (state.change.logger)
[2023-04-27 20:13:17,737] INFO [Broker id=0] Leader __consumer_offsets-33 with topic id Some(IKLsZhtDRzCl4W7mwWEdwA) starts at leader epoch 0 from offset 0 with partition epoch 0, high watermark 0, ISR [0], adding replicas [] and removing replicas []. Previous leader epoch was -1. (state.change.logger)
[2023-04-27 20:13:17,757] INFO [Broker id=0] Leader __consumer_offsets-48 with topic id Some(IKLsZhtDRzCl4W7mwWEdwA) starts at leader epoch 0 from offset 0 with partition epoch 0, high watermark 0, ISR [0], adding replicas [] and removing replicas []. Previous leader epoch was -1. (state.change.logger)
[2023-04-27 20:13:17,775] INFO [Broker id=0] Leader __consumer_offsets-19 with topic id Some(IKLsZhtDRzCl4W7mwWEdwA) starts at leader epoch 0 from offset 0 with partition epoch 0, high watermark 0, ISR [0], adding replicas [] and removing replicas []. Previous leader epoch was -1. (state.change.logger)
[2023-04-27 20:13:17,797] INFO [Broker id=0] Leader __consumer_offsets-34 with topic id Some(IKLsZhtDRzCl4W7mwWEdwA) starts at leader epoch 0 from offset 0 with partition epoch 0, high watermark 0, ISR [0], adding replicas [] and removing replicas []. Previous leader epoch was -1. (state.change.logger)
[2023-04-27 20:13:17,813] INFO [Broker id=0] Leader __consumer_offsets-4 with topic id Some(IKLsZhtDRzCl4W7mwWEdwA) starts at leader epoch 0 from offset 0 with partition epoch 0, high watermark 0, ISR [0], adding replicas [] and removing replicas []. Previous leader epoch was -1. (state.change.logger)
[2023-04-27 20:13:17,832] INFO [Broker id=0] Leader __consumer_offsets-11 with topic id Some(IKLsZhtDRzCl4W7mwWEdwA) starts at leader epoch 0 from offset 0 with partition epoch 0, high watermark 0, ISR [0], adding replicas [] and removing replicas []. Previous leader epoch was -1. (state.change.logger)
[2023-04-27 20:13:17,863] INFO [Broker id=0] Leader __consumer_offsets-26 with topic id Some(IKLsZhtDRzCl4W7mwWEdwA) starts at leader epoch 0 from offset 0 with partition epoch 0, high watermark 0, ISR [0], adding replicas [] and removing replicas []. Previous leader epoch was -1. (state.change.logger)
[2023-04-27 20:13:17,885] INFO [Broker id=0] Leader __consumer_offsets-49 with topic id Some(IKLsZhtDRzCl4W7mwWEdwA) starts at leader epoch 0 from offset 0 with partition epoch 0, high watermark 0, ISR [0], adding replicas [] and removing replicas []. Previous leader epoch was -1. (state.change.logger)
[2023-04-27 20:13:18,013] INFO [Broker id=0] Leader __consumer_offsets-39 with topic id Some(IKLsZhtDRzCl4W7mwWEdwA) starts at leader epoch 0 from offset 0 with partition epoch 0, high watermark 0, ISR [0], adding replicas [] and removing replicas []. Previous leader epoch was -1. (state.change.logger)
[2023-04-27 20:13:18,032] INFO [Broker id=0] Leader __consumer_offsets-9 with topic id Some(IKLsZhtDRzCl4W7mwWEdwA) starts at leader epoch 0 from offset 0 with partition epoch 0, high watermark 0, ISR [0], adding replicas [] and removing replicas []. Previous leader epoch was -1. (state.change.logger)
[2023-04-27 20:13:18,050] INFO [Broker id=0] Leader __consumer_offsets-24 with topic id Some(IKLsZhtDRzCl4W7mwWEdwA) starts at leader epoch 0 from offset 0 with partition epoch 0, high watermark 0, ISR [0], adding replicas [] and removing replicas []. Previous leader epoch was -1. (state.change.logger)
[2023-04-27 20:13:18,068] INFO [Broker id=0] Leader __consumer_offsets-31 with topic id Some(IKLsZhtDRzCl4W7mwWEdwA) starts at leader epoch 0 from offset 0 with partition epoch 0, high watermark 0, ISR [0], adding replicas [] and removing replicas []. Previous leader epoch was -1. (state.change.logger)
[2023-04-27 20:13:18,100] INFO [Broker id=0] Leader __consumer_offsets-46 with topic id Some(IKLsZhtDRzCl4W7mwWEdwA) starts at leader epoch 0 from offset 0 with partition epoch 0, high watermark 0, ISR [0], adding replicas [] and removing replicas []. Previous leader epoch was -1. (state.change.logger)
[2023-04-27 20:13:18,127] INFO [Broker id=0] Leader __consumer_offsets-1 with topic id Some(IKLsZhtDRzCl4W7mwWEdwA) starts at leader epoch 0 from offset 0 with partition epoch 0, high watermark 0, ISR [0], adding replicas [] and removing replicas []. Previous leader epoch was -1. (state.change.logger)
[2023-04-27 20:13:18,163] INFO [Broker id=0] Leader __consumer_offsets-16 with topic id Some(IKLsZhtDRzCl4W7mwWEdwA) starts at leader epoch 0 from offset 0 with partition epoch 0, high watermark 0, ISR [0], adding replicas [] and removing replicas []. Previous leader epoch was -1. (state.change.logger)
[2023-04-27 20:13:18,238] INFO [Broker id=0] Leader __consumer_offsets-2 with topic id Some(IKLsZhtDRzCl4W7mwWEdwA) starts at leader epoch 0 from offset 0 with partition epoch 0, high watermark 0, ISR [0], adding replicas [] and removing replicas []. Previous leader epoch was -1. (state.change.logger)
[2023-04-27 20:13:18,262] INFO [Broker id=0] Leader __consumer_offsets-25 with topic id Some(IKLsZhtDRzCl4W7mwWEdwA) starts at leader epoch 0 from offset 0 with partition epoch 0, high watermark 0, ISR [0], adding replicas [] and removing replicas []. Previous leader epoch was -1. (state.change.logger)
[2023-04-27 20:13:18,284] INFO [Broker id=0] Leader __consumer_offsets-40 with topic id Some(IKLsZhtDRzCl4W7mwWEdwA) starts at leader epoch 0 from offset 0 with partition epoch 0, high watermark 0, ISR [0], adding replicas [] and removing replicas []. Previous leader epoch was -1. (state.change.logger)
[2023-04-27 20:13:18,307] INFO [Broker id=0] Leader __consumer_offsets-47 with topic id Some(IKLsZhtDRzCl4W7mwWEdwA) starts at leader epoch 0 from offset 0 with partition epoch 0, high watermark 0, ISR [0], adding replicas [] and removing replicas []. Previous leader epoch was -1. (state.change.logger)
[2023-04-27 20:13:18,328] INFO [Broker id=0] Leader __consumer_offsets-17 with topic id Some(IKLsZhtDRzCl4W7mwWEdwA) starts at leader epoch 0 from offset 0 with partition epoch 0, high watermark 0, ISR [0], adding replicas [] and removing replicas []. Previous leader epoch was -1. (state.change.logger)
[2023-04-27 20:13:18,364] INFO [Broker id=0] Leader __consumer_offsets-32 with topic id Some(IKLsZhtDRzCl4W7mwWEdwA) starts at leader epoch 0 from offset 0 with partition epoch 0, high watermark 0, ISR [0], adding replicas [] and removing replicas []. Previous leader epoch was -1. (state.change.logger)
[2023-04-27 20:13:18,385] INFO [Broker id=0] Leader __consumer_offsets-37 with topic id Some(IKLsZhtDRzCl4W7mwWEdwA) starts at leader epoch 0 from offset 0 with partition epoch 0, high watermark 0, ISR [0], adding replicas [] and removing replicas []. Previous leader epoch was -1. (state.change.logger)
[2023-04-27 20:13:18,404] INFO [Broker id=0] Leader __consumer_offsets-7 with topic id Some(IKLsZhtDRzCl4W7mwWEdwA) starts at leader epoch 0 from offset 0 with partition epoch 0, high watermark 0, ISR [0], adding replicas [] and removing replicas []. Previous leader epoch was -1. (state.change.logger)
[2023-04-27 20:13:18,428] INFO [Broker id=0] Leader __consumer_offsets-22 with topic id Some(IKLsZhtDRzCl4W7mwWEdwA) starts at leader epoch 0 from offset 0 with partition epoch 0, high watermark 0, ISR [0], adding replicas [] and removing replicas []. Previous leader epoch was -1. (state.change.logger)
[2023-04-27 20:13:18,452] INFO [Broker id=0] Leader __consumer_offsets-29 with topic id Some(IKLsZhtDRzCl4W7mwWEdwA) starts at leader epoch 0 from offset 0 with partition epoch 0, high watermark 0, ISR [0], adding replicas [] and removing replicas []. Previous leader epoch was -1. (state.change.logger)
[2023-04-27 20:13:18,485] INFO [Broker id=0] Leader __consumer_offsets-44 with topic id Some(IKLsZhtDRzCl4W7mwWEdwA) starts at leader epoch 0 from offset 0 with partition epoch 0, high watermark 0, ISR [0], adding replicas [] and removing replicas []. Previous leader epoch was -1. (state.change.logger)
[2023-04-27 20:13:18,504] INFO [Broker id=0] Leader __consumer_offsets-14 with topic id Some(IKLsZhtDRzCl4W7mwWEdwA) starts at leader epoch 0 from offset 0 with partition epoch 0, high watermark 0, ISR [0], adding replicas [] and removing replicas []. Previous leader epoch was -1. (state.change.logger)
[2023-04-27 20:13:18,535] INFO [Broker id=0] Leader __consumer_offsets-23 with topic id Some(IKLsZhtDRzCl4W7mwWEdwA) starts at leader epoch 0 from offset 0 with partition epoch 0, high watermark 0, ISR [0], adding replicas [] and removing replicas []. Previous leader epoch was -1. (state.change.logger)
[2023-04-27 20:13:18,555] INFO [Broker id=0] Leader __consumer_offsets-38 with topic id Some(IKLsZhtDRzCl4W7mwWEdwA) starts at leader epoch 0 from offset 0 with partition epoch 0, high watermark 0, ISR [0], adding replicas [] and removing replicas []. Previous leader epoch was -1. (state.change.logger)
[2023-04-27 20:13:18,596] INFO [Broker id=0] Leader __consumer_offsets-8 with topic id Some(IKLsZhtDRzCl4W7mwWEdwA) starts at leader epoch 0 from offset 0 with partition epoch 0, high watermark 0, ISR [0], adding replicas [] and removing replicas []. Previous leader epoch was -1. (state.change.logger)
[2023-04-27 20:13:18,617] INFO [Broker id=0] Leader __consumer_offsets-45 with topic id Some(IKLsZhtDRzCl4W7mwWEdwA) starts at leader epoch 0 from offset 0 with partition epoch 0, high watermark 0, ISR [0], adding replicas [] and removing replicas []. Previous leader epoch was -1. (state.change.logger)
[2023-04-27 20:13:18,635] INFO [Broker id=0] Leader __consumer_offsets-15 with topic id Some(IKLsZhtDRzCl4W7mwWEdwA) starts at leader epoch 0 from offset 0 with partition epoch 0, high watermark 0, ISR [0], adding replicas [] and removing replicas []. Previous leader epoch was -1. (state.change.logger)
[2023-04-27 20:13:18,666] INFO [Broker id=0] Leader __consumer_offsets-30 with topic id Some(IKLsZhtDRzCl4W7mwWEdwA) starts at leader epoch 0 from offset 0 with partition epoch 0, high watermark 0, ISR [0], adding replicas [] and removing replicas []. Previous leader epoch was -1. (state.change.logger)
[2023-04-27 20:13:18,689] INFO [Broker id=0] Leader __consumer_offsets-0 with topic id Some(IKLsZhtDRzCl4W7mwWEdwA) starts at leader epoch 0 from offset 0 with partition epoch 0, high watermark 0, ISR [0], adding replicas [] and removing replicas []. Previous leader epoch was -1. (state.change.logger)
[2023-04-27 20:13:18,716] INFO [Broker id=0] Leader __consumer_offsets-35 with topic id Some(IKLsZhtDRzCl4W7mwWEdwA) starts at leader epoch 0 from offset 0 with partition epoch 0, high watermark 0, ISR [0], adding replicas [] and removing replicas []. Previous leader epoch was -1. (state.change.logger)
[2023-04-27 20:13:18,736] INFO [Broker id=0] Leader __consumer_offsets-5 with topic id Some(IKLsZhtDRzCl4W7mwWEdwA) starts at leader epoch 0 from offset 0 with partition epoch 0, high watermark 0, ISR [0], adding replicas [] and removing replicas []. Previous leader epoch was -1. (state.change.logger)
[2023-04-27 20:13:18,752] INFO [Broker id=0] Leader __consumer_offsets-20 with topic id Some(IKLsZhtDRzCl4W7mwWEdwA) starts at leader epoch 0 from offset 0 with partition epoch 0, high watermark 0, ISR [0], adding replicas [] and removing replicas []. Previous leader epoch was -1. (state.change.logger)
[2023-04-27 20:13:18,773] INFO [Broker id=0] Leader __consumer_offsets-27 with topic id Some(IKLsZhtDRzCl4W7mwWEdwA) starts at leader epoch 0 from offset 0 with partition epoch 0, high watermark 0, ISR [0], adding replicas [] and removing replicas []. Previous leader epoch was -1. (state.change.logger)
[2023-04-27 20:13:18,789] INFO [Broker id=0] Leader __consumer_offsets-42 with topic id Some(IKLsZhtDRzCl4W7mwWEdwA) starts at leader epoch 0 from offset 0 with partition epoch 0, high watermark 0, ISR [0], adding replicas [] and removing replicas []. Previous leader epoch was -1. (state.change.logger)
[2023-04-27 20:13:18,804] INFO [Broker id=0] Leader __consumer_offsets-12 with topic id Some(IKLsZhtDRzCl4W7mwWEdwA) starts at leader epoch 0 from offset 0 with partition epoch 0, high watermark 0, ISR [0], adding replicas [] and removing replicas []. Previous leader epoch was -1. (state.change.logger)
[2023-04-27 20:13:18,826] INFO [Broker id=0] Leader __consumer_offsets-21 with topic id Some(IKLsZhtDRzCl4W7mwWEdwA) starts at leader epoch 0 from offset 0 with partition epoch 0, high watermark 0, ISR [0], adding replicas [] and removing replicas []. Previous leader epoch was -1. (state.change.logger)
[2023-04-27 20:13:18,845] INFO [Broker id=0] Leader __consumer_offsets-36 with topic id Some(IKLsZhtDRzCl4W7mwWEdwA) starts at leader epoch 0 from offset 0 with partition epoch 0, high watermark 0, ISR [0], adding replicas [] and removing replicas []. Previous leader epoch was -1. (state.change.logger)
[2023-04-27 20:13:18,863] INFO [Broker id=0] Leader __consumer_offsets-6 with topic id Some(IKLsZhtDRzCl4W7mwWEdwA) starts at leader epoch 0 from offset 0 with partition epoch 0, high watermark 0, ISR [0], adding replicas [] and removing replicas []. Previous leader epoch was -1. (state.change.logger)
[2023-04-27 20:13:18,881] INFO [Broker id=0] Leader __consumer_offsets-43 with topic id Some(IKLsZhtDRzCl4W7mwWEdwA) starts at leader epoch 0 from offset 0 with partition epoch 0, high watermark 0, ISR [0], adding replicas [] and removing replicas []. Previous leader epoch was -1. (state.change.logger)
[2023-04-27 20:13:18,900] INFO [Broker id=0] Leader __consumer_offsets-13 with topic id Some(IKLsZhtDRzCl4W7mwWEdwA) starts at leader epoch 0 from offset 0 with partition epoch 0, high watermark 0, ISR [0], adding replicas [] and removing replicas []. Previous leader epoch was -1. (state.change.logger)
[2023-04-27 20:13:18,920] INFO [Broker id=0] Leader __consumer_offsets-28 with topic id Some(IKLsZhtDRzCl4W7mwWEdwA) starts at leader epoch 0 from offset 0 with partition epoch 0, high watermark 0, ISR [0], adding replicas [] and removing replicas []. Previous leader epoch was -1. (state.change.logger)
[2023-04-27 20:13:19,025] INFO [Broker id=0] Finished LeaderAndIsr request in 1550ms correlationId 9 from controller 0 for 50 partitions (state.change.logger)
[2023-04-27 20:13:19,028] INFO [Broker id=0] Add 50 partitions and deleted 0 partitions from metadata cache in response to UpdateMetadata request sent by controller 0 epoch 1 with correlation id 10 (state.change.logger)
[2023-04-27 20:31:47,938] INFO [Controller id=0 epoch=1] Sending UpdateMetadata request to brokers HashSet() for 0 partitions (state.change.logger)
[2023-04-27 20:33:23,160] INFO [Controller id=0 epoch=2] Sending UpdateMetadata request to brokers HashSet(0) for 0 partitions (state.change.logger)
[2023-04-27 20:33:23,225] INFO [Controller id=0 epoch=2] Sending LeaderAndIsr request to broker 0 with 55 become-leader and 0 become-follower partitions (state.change.logger)
[2023-04-27 20:33:23,231] INFO [Controller id=0 epoch=2] Sending UpdateMetadata request to brokers HashSet(0) for 55 partitions (state.change.logger)
[2023-04-27 20:33:23,334] INFO [Broker id=0] Handling LeaderAndIsr request correlationId 1 from controller 0 for 55 partitions (state.change.logger)
[2023-04-27 20:33:23,394] INFO [Broker id=0] Stopped fetchers as part of LeaderAndIsr request correlationId 1 from controller 0 epoch 2 as part of the become-leader transition for 55 partitions (state.change.logger)
[2023-04-27 20:33:23,429] INFO [Broker id=0] Leader __consumer_offsets-3 with topic id Some(IKLsZhtDRzCl4W7mwWEdwA) starts at leader epoch 0 from offset 0 with partition epoch 0, high watermark 0, ISR [0], adding replicas [] and removing replicas []. Previous leader epoch was -1. (state.change.logger)
[2023-04-27 20:33:23,447] INFO [Broker id=0] Leader __consumer_offsets-18 with topic id Some(IKLsZhtDRzCl4W7mwWEdwA) starts at leader epoch 0 from offset 0 with partition epoch 0, high watermark 0, ISR [0], adding replicas [] and removing replicas []. Previous leader epoch was -1. (state.change.logger)
[2023-04-27 20:33:23,454] INFO [Broker id=0] Leader __consumer_offsets-41 with topic id Some(IKLsZhtDRzCl4W7mwWEdwA) starts at leader epoch 0 from offset 0 with partition epoch 0, high watermark 0, ISR [0], adding replicas [] and removing replicas []. Previous leader epoch was -1. (state.change.logger)
[2023-04-27 20:33:23,749] INFO [Broker id=0] Leader __consumer_offsets-10 with topic id Some(IKLsZhtDRzCl4W7mwWEdwA) starts at leader epoch 0 from offset 0 with partition epoch 0, high watermark 0, ISR [0], adding replicas [] and removing replicas []. Previous leader epoch was -1. (state.change.logger)
[2023-04-27 20:33:23,766] INFO [Broker id=0] Leader todos_-0 with topic id Some(7wQZU4SXQs6OnWoajyjVDA) starts at leader epoch 0 from offset 3 with partition epoch 0, high watermark 3, ISR [0], adding replicas [] and removing replicas []. Previous leader epoch was -1. (state.change.logger)
[2023-04-27 20:33:23,767] INFO [Broker id=0] Leader __consumer_offsets-33 with topic id Some(IKLsZhtDRzCl4W7mwWEdwA) starts at leader epoch 0 from offset 0 with partition epoch 0, high watermark 0, ISR [0], adding replicas [] and removing replicas []. Previous leader epoch was -1. (state.change.logger)
[2023-04-27 20:33:23,783] INFO [Broker id=0] Leader __consumer_offsets-48 with topic id Some(IKLsZhtDRzCl4W7mwWEdwA) starts at leader epoch 0 from offset 0 with partition epoch 0, high watermark 0, ISR [0], adding replicas [] and removing replicas []. Previous leader epoch was -1. (state.change.logger)
[2023-04-27 20:33:23,788] INFO [Broker id=0] Leader __consumer_offsets-19 with topic id Some(IKLsZhtDRzCl4W7mwWEdwA) starts at leader epoch 0 from offset 0 with partition epoch 0, high watermark 0, ISR [0], adding replicas [] and removing replicas []. Previous leader epoch was -1. (state.change.logger)
[2023-04-27 20:33:23,794] INFO [Broker id=0] Leader __consumer_offsets-34 with topic id Some(IKLsZhtDRzCl4W7mwWEdwA) starts at leader epoch 0 from offset 0 with partition epoch 0, high watermark 0, ISR [0], adding replicas [] and removing replicas []. Previous leader epoch was -1. (state.change.logger)
[2023-04-27 20:33:23,800] INFO [Broker id=0] Leader __consumer_offsets-4 with topic id Some(IKLsZhtDRzCl4W7mwWEdwA) starts at leader epoch 0 from offset 0 with partition epoch 0, high watermark 0, ISR [0], adding replicas [] and removing replicas []. Previous leader epoch was -1. (state.change.logger)
[2023-04-27 20:33:23,805] INFO [Broker id=0] Leader __consumer_offsets-11 with topic id Some(IKLsZhtDRzCl4W7mwWEdwA) starts at leader epoch 0 from offset 0 with partition epoch 0, high watermark 0, ISR [0], adding replicas [] and removing replicas []. Previous leader epoch was -1. (state.change.logger)
[2023-04-27 20:33:23,811] INFO [Broker id=0] Leader __consumer_offsets-26 with topic id Some(IKLsZhtDRzCl4W7mwWEdwA) starts at leader epoch 0 from offset 0 with partition epoch 0, high watermark 0, ISR [0], adding replicas [] and removing replicas []. Previous leader epoch was -1. (state.change.logger)
[2023-04-27 20:33:23,816] INFO [Broker id=0] Leader todos-0 with topic id Some(iWBeYgxOTQilzvRKx81DgA) starts at leader epoch 0 from offset 1 with partition epoch 0, high watermark 1, ISR [0], adding replicas [] and removing replicas []. Previous leader epoch was -1. (state.change.logger)
[2023-04-27 20:33:23,817] INFO [Broker id=0] Leader __consumer_offsets-49 with topic id Some(IKLsZhtDRzCl4W7mwWEdwA) starts at leader epoch 0 from offset 0 with partition epoch 0, high watermark 0, ISR [0], adding replicas [] and removing replicas []. Previous leader epoch was -1. (state.change.logger)
[2023-04-27 20:33:23,822] INFO [Broker id=0] Leader __consumer_offsets-39 with topic id Some(IKLsZhtDRzCl4W7mwWEdwA) starts at leader epoch 0 from offset 0 with partition epoch 0, high watermark 0, ISR [0], adding replicas [] and removing replicas []. Previous leader epoch was -1. (state.change.logger)
[2023-04-27 20:33:23,828] INFO [Broker id=0] Leader __consumer_offsets-9 with topic id Some(IKLsZhtDRzCl4W7mwWEdwA) starts at leader epoch 0 from offset 0 with partition epoch 0, high watermark 0, ISR [0], adding replicas [] and removing replicas []. Previous leader epoch was -1. (state.change.logger)
[2023-04-27 20:33:23,833] INFO [Broker id=0] Leader __consumer_offsets-24 with topic id Some(IKLsZhtDRzCl4W7mwWEdwA) starts at leader epoch 0 from offset 0 with partition epoch 0, high watermark 0, ISR [0], adding replicas [] and removing replicas []. Previous leader epoch was -1. (state.change.logger)
[2023-04-27 20:33:23,837] INFO [Broker id=0] Leader __consumer_offsets-31 with topic id Some(IKLsZhtDRzCl4W7mwWEdwA) starts at leader epoch 0 from offset 0 with partition epoch 0, high watermark 0, ISR [0], adding replicas [] and removing replicas []. Previous leader epoch was -1. (state.change.logger)
[2023-04-27 20:33:23,842] INFO [Broker id=0] Leader __consumer_offsets-46 with topic id Some(IKLsZhtDRzCl4W7mwWEdwA) starts at leader epoch 0 from offset 0 with partition epoch 0, high watermark 0, ISR [0], adding replicas [] and removing replicas []. Previous leader epoch was -1. (state.change.logger)
[2023-04-27 20:33:23,847] INFO [Broker id=0] Leader __consumer_offsets-1 with topic id Some(IKLsZhtDRzCl4W7mwWEdwA) starts at leader epoch 0 from offset 0 with partition epoch 0, high watermark 0, ISR [0], adding replicas [] and removing replicas []. Previous leader epoch was -1. (state.change.logger)
[2023-04-27 20:33:23,852] INFO [Broker id=0] Leader __consumer_offsets-16 with topic id Some(IKLsZhtDRzCl4W7mwWEdwA) starts at leader epoch 0 from offset 0 with partition epoch 0, high watermark 0, ISR [0], adding replicas [] and removing replicas []. Previous leader epoch was -1. (state.change.logger)
[2023-04-27 20:33:23,857] INFO [Broker id=0] Leader __consumer_offsets-2 with topic id Some(IKLsZhtDRzCl4W7mwWEdwA) starts at leader epoch 0 from offset 0 with partition epoch 0, high watermark 0, ISR [0], adding replicas [] and removing replicas []. Previous leader epoch was -1. (state.change.logger)
[2023-04-27 20:33:23,863] INFO [Broker id=0] Leader __consumer_offsets-25 with topic id Some(IKLsZhtDRzCl4W7mwWEdwA) starts at leader epoch 0 from offset 0 with partition epoch 0, high watermark 0, ISR [0], adding replicas [] and removing replicas []. Previous leader epoch was -1. (state.change.logger)
[2023-04-27 20:33:23,868] INFO [Broker id=0] Leader __consumer_offsets-40 with topic id Some(IKLsZhtDRzCl4W7mwWEdwA) starts at leader epoch 0 from offset 0 with partition epoch 0, high watermark 0, ISR [0], adding replicas [] and removing replicas []. Previous leader epoch was -1. (state.change.logger)
[2023-04-27 20:33:23,874] INFO [Broker id=0] Leader __consumer_offsets-47 with topic id Some(IKLsZhtDRzCl4W7mwWEdwA) starts at leader epoch 0 from offset 0 with partition epoch 0, high watermark 0, ISR [0], adding replicas [] and removing replicas []. Previous leader epoch was -1. (state.change.logger)
[2023-04-27 20:33:23,879] INFO [Broker id=0] Leader __consumer_offsets-17 with topic id Some(IKLsZhtDRzCl4W7mwWEdwA) starts at leader epoch 0 from offset 0 with partition epoch 0, high watermark 0, ISR [0], adding replicas [] and removing replicas []. Previous leader epoch was -1. (state.change.logger)
[2023-04-27 20:33:23,884] INFO [Broker id=0] Leader __consumer_offsets-32 with topic id Some(IKLsZhtDRzCl4W7mwWEdwA) starts at leader epoch 0 from offset 0 with partition epoch 0, high watermark 0, ISR [0], adding replicas [] and removing replicas []. Previous leader epoch was -1. (state.change.logger)
[2023-04-27 20:33:23,889] INFO [Broker id=0] Leader __consumer_offsets-37 with topic id Some(IKLsZhtDRzCl4W7mwWEdwA) starts at leader epoch 0 from offset 0 with partition epoch 0, high watermark 0, ISR [0], adding replicas [] and removing replicas []. Previous leader epoch was -1. (state.change.logger)
[2023-04-27 20:33:23,894] INFO [Broker id=0] Leader todos___-0 with topic id Some(AtfJvkb-SUK1glj2fm3tsg) starts at leader epoch 0 from offset 62 with partition epoch 0, high watermark 62, ISR [0], adding replicas [] and removing replicas []. Previous leader epoch was -1. (state.change.logger)
[2023-04-27 20:33:23,895] INFO [Broker id=0] Leader __consumer_offsets-7 with topic id Some(IKLsZhtDRzCl4W7mwWEdwA) starts at leader epoch 0 from offset 0 with partition epoch 0, high watermark 0, ISR [0], adding replicas [] and removing replicas []. Previous leader epoch was -1. (state.change.logger)
[2023-04-27 20:33:23,899] INFO [Broker id=0] Leader __consumer_offsets-22 with topic id Some(IKLsZhtDRzCl4W7mwWEdwA) starts at leader epoch 0 from offset 0 with partition epoch 0, high watermark 0, ISR [0], adding replicas [] and removing replicas []. Previous leader epoch was -1. (state.change.logger)
[2023-04-27 20:33:23,904] INFO [Broker id=0] Leader __consumer_offsets-29 with topic id Some(IKLsZhtDRzCl4W7mwWEdwA) starts at leader epoch 0 from offset 0 with partition epoch 0, high watermark 0, ISR [0], adding replicas [] and removing replicas []. Previous leader epoch was -1. (state.change.logger)
[2023-04-27 20:33:23,909] INFO [Broker id=0] Leader __consumer_offsets-44 with topic id Some(IKLsZhtDRzCl4W7mwWEdwA) starts at leader epoch 0 from offset 0 with partition epoch 0, high watermark 0, ISR [0], adding replicas [] and removing replicas []. Previous leader epoch was -1. (state.change.logger)
[2023-04-27 20:33:23,915] INFO [Broker id=0] Leader __consumer_offsets-14 with topic id Some(IKLsZhtDRzCl4W7mwWEdwA) starts at leader epoch 0 from offset 0 with partition epoch 0, high watermark 0, ISR [0], adding replicas [] and removing replicas []. Previous leader epoch was -1. (state.change.logger)
[2023-04-27 20:33:23,920] INFO [Broker id=0] Leader __consumer_offsets-23 with topic id Some(IKLsZhtDRzCl4W7mwWEdwA) starts at leader epoch 0 from offset 0 with partition epoch 0, high watermark 0, ISR [0], adding replicas [] and removing replicas []. Previous leader epoch was -1. (state.change.logger)
[2023-04-27 20:33:23,924] INFO [Broker id=0] Leader __consumer_offsets-38 with topic id Some(IKLsZhtDRzCl4W7mwWEdwA) starts at leader epoch 0 from offset 0 with partition epoch 0, high watermark 0, ISR [0], adding replicas [] and removing replicas []. Previous leader epoch was -1. (state.change.logger)
[2023-04-27 20:33:23,929] INFO [Broker id=0] Leader __consumer_offsets-8 with topic id Some(IKLsZhtDRzCl4W7mwWEdwA) starts at leader epoch 0 from offset 0 with partition epoch 0, high watermark 0, ISR [0], adding replicas [] and removing replicas []. Previous leader epoch was -1. (state.change.logger)
[2023-04-27 20:33:23,936] INFO [Broker id=0] Leader __consumer_offsets-45 with topic id Some(IKLsZhtDRzCl4W7mwWEdwA) starts at leader epoch 0 from offset 0 with partition epoch 0, high watermark 0, ISR [0], adding replicas [] and removing replicas []. Previous leader epoch was -1. (state.change.logger)
[2023-04-27 20:33:23,940] INFO [Broker id=0] Leader __consumer_offsets-15 with topic id Some(IKLsZhtDRzCl4W7mwWEdwA) starts at leader epoch 0 from offset 0 with partition epoch 0, high watermark 0, ISR [0], adding replicas [] and removing replicas []. Previous leader epoch was -1. (state.change.logger)
[2023-04-27 20:33:23,945] INFO [Broker id=0] Leader __consumer_offsets-30 with topic id Some(IKLsZhtDRzCl4W7mwWEdwA) starts at leader epoch 0 from offset 0 with partition epoch 0, high watermark 0, ISR [0], adding replicas [] and removing replicas []. Previous leader epoch was -1. (state.change.logger)
[2023-04-27 20:33:23,950] INFO [Broker id=0] Leader todos__-0 with topic id Some(S8n3R93uQWCFLL8EnutucQ) starts at leader epoch 0 from offset 1 with partition epoch 0, high watermark 1, ISR [0], adding replicas [] and removing replicas []. Previous leader epoch was -1. (state.change.logger)
[2023-04-27 20:33:23,951] INFO [Broker id=0] Leader __consumer_offsets-0 with topic id Some(IKLsZhtDRzCl4W7mwWEdwA) starts at leader epoch 0 from offset 0 with partition epoch 0, high watermark 0, ISR [0], adding replicas [] and removing replicas []. Previous leader epoch was -1. (state.change.logger)
[2023-04-27 20:33:23,955] INFO [Broker id=0] Leader __consumer_offsets-35 with topic id Some(IKLsZhtDRzCl4W7mwWEdwA) starts at leader epoch 0 from offset 0 with partition epoch 0, high watermark 0, ISR [0], adding replicas [] and removing replicas []. Previous leader epoch was -1. (state.change.logger)
[2023-04-27 20:33:23,961] INFO [Broker id=0] Leader __consumer_offsets-5 with topic id Some(IKLsZhtDRzCl4W7mwWEdwA) starts at leader epoch 0 from offset 0 with partition epoch 0, high watermark 0, ISR [0], adding replicas [] and removing replicas []. Previous leader epoch was -1. (state.change.logger)
[2023-04-27 20:33:23,966] INFO [Broker id=0] Leader __consumer_offsets-20 with topic id Some(IKLsZhtDRzCl4W7mwWEdwA) starts at leader epoch 0 from offset 0 with partition epoch 0, high watermark 0, ISR [0], adding replicas [] and removing replicas []. Previous leader epoch was -1. (state.change.logger)
[2023-04-27 20:33:23,972] INFO [Broker id=0] Leader __consumer_offsets-27 with topic id Some(IKLsZhtDRzCl4W7mwWEdwA) starts at leader epoch 0 from offset 0 with partition epoch 0, high watermark 0, ISR [0], adding replicas [] and removing replicas []. Previous leader epoch was -1. (state.change.logger)
[2023-04-27 20:33:23,977] INFO [Broker id=0] Leader __consumer_offsets-42 with topic id Some(IKLsZhtDRzCl4W7mwWEdwA) starts at leader epoch 0 from offset 0 with partition epoch 0, high watermark 0, ISR [0], adding replicas [] and removing replicas []. Previous leader epoch was -1. (state.change.logger)
[2023-04-27 20:33:23,983] INFO [Broker id=0] Leader __consumer_offsets-12 with topic id Some(IKLsZhtDRzCl4W7mwWEdwA) starts at leader epoch 0 from offset 30 with partition epoch 0, high watermark 30, ISR [0], adding replicas [] and removing replicas []. Previous leader epoch was -1. (state.change.logger)
[2023-04-27 20:33:23,983] INFO [Broker id=0] Leader todos___-1 with topic id Some(AtfJvkb-SUK1glj2fm3tsg) starts at leader epoch 0 from offset 0 with partition epoch 0, high watermark 0, ISR [0], adding replicas [] and removing replicas []. Previous leader epoch was -1. (state.change.logger)
[2023-04-27 20:33:23,988] INFO [Broker id=0] Leader __consumer_offsets-21 with topic id Some(IKLsZhtDRzCl4W7mwWEdwA) starts at leader epoch 0 from offset 0 with partition epoch 0, high watermark 0, ISR [0], adding replicas [] and removing replicas []. Previous leader epoch was -1. (state.change.logger)
[2023-04-27 20:33:23,994] INFO [Broker id=0] Leader __consumer_offsets-36 with topic id Some(IKLsZhtDRzCl4W7mwWEdwA) starts at leader epoch 0 from offset 0 with partition epoch 0, high watermark 0, ISR [0], adding replicas [] and removing replicas []. Previous leader epoch was -1. (state.change.logger)
[2023-04-27 20:33:24,001] INFO [Broker id=0] Leader __consumer_offsets-6 with topic id Some(IKLsZhtDRzCl4W7mwWEdwA) starts at leader epoch 0 from offset 0 with partition epoch 0, high watermark 0, ISR [0], adding replicas [] and removing replicas []. Previous leader epoch was -1. (state.change.logger)
[2023-04-27 20:33:24,007] INFO [Broker id=0] Leader __consumer_offsets-43 with topic id Some(IKLsZhtDRzCl4W7mwWEdwA) starts at leader epoch 0 from offset 0 with partition epoch 0, high watermark 0, ISR [0], adding replicas [] and removing replicas []. Previous leader epoch was -1. (state.change.logger)
[2023-04-27 20:33:24,013] INFO [Broker id=0] Leader __consumer_offsets-13 with topic id Some(IKLsZhtDRzCl4W7mwWEdwA) starts at leader epoch 0 from offset 0 with partition epoch 0, high watermark 0, ISR [0], adding replicas [] and removing replicas []. Previous leader epoch was -1. (state.change.logger)
[2023-04-27 20:33:24,018] INFO [Broker id=0] Leader __consumer_offsets-28 with topic id Some(IKLsZhtDRzCl4W7mwWEdwA) starts at leader epoch 0 from offset 0 with partition epoch 0, high watermark 0, ISR [0], adding replicas [] and removing replicas []. Previous leader epoch was -1. (state.change.logger)
[2023-04-27 20:33:24,134] INFO [Broker id=0] Finished LeaderAndIsr request in 801ms correlationId 1 from controller 0 for 55 partitions (state.change.logger)
[2023-04-27 20:33:24,144] INFO [Broker id=0] Add 55 partitions and deleted 0 partitions from metadata cache in response to UpdateMetadata request sent by controller 0 epoch 2 with correlation id 2 (state.change.logger)
[2023-04-27 20:33:35,143] INFO [Controller id=0 epoch=2] Changed partition todos_____-0 state from NonExistentPartition to NewPartition with assigned replicas 0 (state.change.logger)
[2023-04-27 20:33:35,143] INFO [Controller id=0 epoch=2] Sending UpdateMetadata request to brokers HashSet() for 0 partitions (state.change.logger)
[2023-04-27 20:33:35,146] INFO [Controller id=0 epoch=2] Sending UpdateMetadata request to brokers HashSet() for 0 partitions (state.change.logger)
[2023-04-27 20:33:35,176] INFO [Controller id=0 epoch=2] Changed partition todos_____-0 from NewPartition to OnlinePartition with state LeaderAndIsr(leader=0, leaderEpoch=0, isr=List(0), leaderRecoveryState=RECOVERED, partitionEpoch=0) (state.change.logger)
[2023-04-27 20:33:35,176] INFO [Controller id=0 epoch=2] Sending LeaderAndIsr request to broker 0 with 1 become-leader and 0 become-follower partitions (state.change.logger)
[2023-04-27 20:33:35,177] INFO [Controller id=0 epoch=2] Sending UpdateMetadata request to brokers HashSet(0) for 1 partitions (state.change.logger)
[2023-04-27 20:33:35,177] INFO [Controller id=0 epoch=2] Sending UpdateMetadata request to brokers HashSet() for 0 partitions (state.change.logger)
[2023-04-27 20:33:35,178] INFO [Broker id=0] Handling LeaderAndIsr request correlationId 3 from controller 0 for 1 partitions (state.change.logger)
[2023-04-27 20:33:35,180] INFO [Broker id=0] Stopped fetchers as part of LeaderAndIsr request correlationId 3 from controller 0 epoch 2 as part of the become-leader transition for 1 partitions (state.change.logger)
[2023-04-27 20:33:35,213] INFO [Broker id=0] Leader todos_____-0 with topic id Some(8i_tYiDNSvmAk7-lqH_s3g) starts at leader epoch 0 from offset 0 with partition epoch 0, high watermark 0, ISR [0], adding replicas [] and removing replicas []. Previous leader epoch was -1. (state.change.logger)
[2023-04-27 20:33:35,219] INFO [Broker id=0] Finished LeaderAndIsr request in 41ms correlationId 3 from controller 0 for 1 partitions (state.change.logger)
[2023-04-27 20:33:35,223] INFO [Broker id=0] Add 1 partitions and deleted 0 partitions from metadata cache in response to UpdateMetadata request sent by controller 0 epoch 2 with correlation id 4 (state.change.logger)
[2023-04-27 20:36:10,094] INFO [Controller id=0 epoch=2] Changed partition todos______-0 state from NonExistentPartition to NewPartition with assigned replicas 0 (state.change.logger)
[2023-04-27 20:36:10,094] INFO [Controller id=0 epoch=2] Changed partition todos______-1 state from NonExistentPartition to NewPartition with assigned replicas 0 (state.change.logger)
[2023-04-27 20:36:10,094] INFO [Controller id=0 epoch=2] Sending UpdateMetadata request to brokers HashSet() for 0 partitions (state.change.logger)
[2023-04-27 20:36:10,095] INFO [Controller id=0 epoch=2] Sending UpdateMetadata request to brokers HashSet() for 0 partitions (state.change.logger)
[2023-04-27 20:36:10,109] INFO [Controller id=0 epoch=2] Changed partition todos______-0 from NewPartition to OnlinePartition with state LeaderAndIsr(leader=0, leaderEpoch=0, isr=List(0), leaderRecoveryState=RECOVERED, partitionEpoch=0) (state.change.logger)
[2023-04-27 20:36:10,109] INFO [Controller id=0 epoch=2] Changed partition todos______-1 from NewPartition to OnlinePartition with state LeaderAndIsr(leader=0, leaderEpoch=0, isr=List(0), leaderRecoveryState=RECOVERED, partitionEpoch=0) (state.change.logger)
[2023-04-27 20:36:10,109] INFO [Controller id=0 epoch=2] Sending LeaderAndIsr request to broker 0 with 2 become-leader and 0 become-follower partitions (state.change.logger)
[2023-04-27 20:36:10,109] INFO [Controller id=0 epoch=2] Sending UpdateMetadata request to brokers HashSet(0) for 2 partitions (state.change.logger)
[2023-04-27 20:36:10,110] INFO [Controller id=0 epoch=2] Sending UpdateMetadata request to brokers HashSet() for 0 partitions (state.change.logger)
[2023-04-27 20:36:10,111] INFO [Broker id=0] Handling LeaderAndIsr request correlationId 5 from controller 0 for 2 partitions (state.change.logger)
[2023-04-27 20:36:10,112] INFO [Broker id=0] Stopped fetchers as part of LeaderAndIsr request correlationId 5 from controller 0 epoch 2 as part of the become-leader transition for 2 partitions (state.change.logger)
[2023-04-27 20:36:10,133] INFO [Broker id=0] Leader todos______-1 with topic id Some(PLX0wt8PRkiteg-K8Wt1nQ) starts at leader epoch 0 from offset 0 with partition epoch 0, high watermark 0, ISR [0], adding replicas [] and removing replicas []. Previous leader epoch was -1. (state.change.logger)
[2023-04-27 20:36:10,156] INFO [Broker id=0] Leader todos______-0 with topic id Some(PLX0wt8PRkiteg-K8Wt1nQ) starts at leader epoch 0 from offset 0 with partition epoch 0, high watermark 0, ISR [0], adding replicas [] and removing replicas []. Previous leader epoch was -1. (state.change.logger)
[2023-04-27 20:36:10,163] INFO [Broker id=0] Finished LeaderAndIsr request in 51ms correlationId 5 from controller 0 for 2 partitions (state.change.logger)
[2023-04-27 20:36:10,165] INFO [Broker id=0] Add 2 partitions and deleted 0 partitions from metadata cache in response to UpdateMetadata request sent by controller 0 epoch 2 with correlation id 6 (state.change.logger)
[2023-04-28 11:12:11,253] INFO [Controller id=0 epoch=3] Sending UpdateMetadata request to brokers HashSet(0) for 0 partitions (state.change.logger)
[2023-04-28 11:12:11,309] INFO [Controller id=0 epoch=3] Sending LeaderAndIsr request to broker 0 with 58 become-leader and 0 become-follower partitions (state.change.logger)
[2023-04-28 11:12:11,312] INFO [Controller id=0 epoch=3] Sending UpdateMetadata request to brokers HashSet(0) for 58 partitions (state.change.logger)
[2023-04-28 11:12:11,406] INFO [Broker id=0] Handling LeaderAndIsr request correlationId 1 from controller 0 for 58 partitions (state.change.logger)
[2023-04-28 11:12:11,451] INFO [Broker id=0] Stopped fetchers as part of LeaderAndIsr request correlationId 1 from controller 0 epoch 3 as part of the become-leader transition for 58 partitions (state.change.logger)
[2023-04-28 11:12:11,474] INFO [Broker id=0] Leader __consumer_offsets-3 with topic id Some(IKLsZhtDRzCl4W7mwWEdwA) starts at leader epoch 0 from offset 0 with partition epoch 0, high watermark 0, ISR [0], adding replicas [] and removing replicas []. Previous leader epoch was -1. (state.change.logger)
[2023-04-28 11:12:11,483] INFO [Broker id=0] Leader __consumer_offsets-18 with topic id Some(IKLsZhtDRzCl4W7mwWEdwA) starts at leader epoch 0 from offset 0 with partition epoch 0, high watermark 0, ISR [0], adding replicas [] and removing replicas []. Previous leader epoch was -1. (state.change.logger)
[2023-04-28 11:12:11,489] INFO [Broker id=0] Leader __consumer_offsets-41 with topic id Some(IKLsZhtDRzCl4W7mwWEdwA) starts at leader epoch 0 from offset 0 with partition epoch 0, high watermark 0, ISR [0], adding replicas [] and removing replicas []. Previous leader epoch was -1. (state.change.logger)
[2023-04-28 11:12:11,499] INFO [Broker id=0] Leader __consumer_offsets-10 with topic id Some(IKLsZhtDRzCl4W7mwWEdwA) starts at leader epoch 0 from offset 0 with partition epoch 0, high watermark 0, ISR [0], adding replicas [] and removing replicas []. Previous leader epoch was -1. (state.change.logger)
[2023-04-28 11:12:11,503] INFO [Broker id=0] Leader todos_-0 with topic id Some(7wQZU4SXQs6OnWoajyjVDA) starts at leader epoch 0 from offset 3 with partition epoch 0, high watermark 3, ISR [0], adding replicas [] and removing replicas []. Previous leader epoch was -1. (state.change.logger)
[2023-04-28 11:12:11,503] INFO [Broker id=0] Leader __consumer_offsets-33 with topic id Some(IKLsZhtDRzCl4W7mwWEdwA) starts at leader epoch 0 from offset 0 with partition epoch 0, high watermark 0, ISR [0], adding replicas [] and removing replicas []. Previous leader epoch was -1. (state.change.logger)
[2023-04-28 11:12:11,509] INFO [Broker id=0] Leader __consumer_offsets-48 with topic id Some(IKLsZhtDRzCl4W7mwWEdwA) starts at leader epoch 0 from offset 0 with partition epoch 0, high watermark 0, ISR [0], adding replicas [] and removing replicas []. Previous leader epoch was -1. (state.change.logger)
[2023-04-28 11:12:11,513] INFO [Broker id=0] Leader __consumer_offsets-19 with topic id Some(IKLsZhtDRzCl4W7mwWEdwA) starts at leader epoch 0 from offset 0 with partition epoch 0, high watermark 0, ISR [0], adding replicas [] and removing replicas []. Previous leader epoch was -1. (state.change.logger)
[2023-04-28 11:12:11,519] INFO [Broker id=0] Leader todos_____-0 with topic id Some(8i_tYiDNSvmAk7-lqH_s3g) starts at leader epoch 0 from offset 6 with partition epoch 0, high watermark 6, ISR [0], adding replicas [] and removing replicas []. Previous leader epoch was -1. (state.change.logger)
[2023-04-28 11:12:11,519] INFO [Broker id=0] Leader __consumer_offsets-34 with topic id Some(IKLsZhtDRzCl4W7mwWEdwA) starts at leader epoch 0 from offset 0 with partition epoch 0, high watermark 0, ISR [0], adding replicas [] and removing replicas []. Previous leader epoch was -1. (state.change.logger)
[2023-04-28 11:12:11,533] INFO [Broker id=0] Leader __consumer_offsets-4 with topic id Some(IKLsZhtDRzCl4W7mwWEdwA) starts at leader epoch 0 from offset 0 with partition epoch 0, high watermark 0, ISR [0], adding replicas [] and removing replicas []. Previous leader epoch was -1. (state.change.logger)
[2023-04-28 11:12:11,584] INFO [Broker id=0] Leader __consumer_offsets-11 with topic id Some(IKLsZhtDRzCl4W7mwWEdwA) starts at leader epoch 0 from offset 0 with partition epoch 0, high watermark 0, ISR [0], adding replicas [] and removing replicas []. Previous leader epoch was -1. (state.change.logger)
[2023-04-28 11:12:11,713] INFO [Broker id=0] Leader __consumer_offsets-26 with topic id Some(IKLsZhtDRzCl4W7mwWEdwA) starts at leader epoch 0 from offset 0 with partition epoch 0, high watermark 0, ISR [0], adding replicas [] and removing replicas []. Previous leader epoch was -1. (state.change.logger)
[2023-04-28 11:12:11,718] INFO [Broker id=0] Leader todos-0 with topic id Some(iWBeYgxOTQilzvRKx81DgA) starts at leader epoch 0 from offset 1 with partition epoch 0, high watermark 1, ISR [0], adding replicas [] and removing replicas []. Previous leader epoch was -1. (state.change.logger)
[2023-04-28 11:12:11,719] INFO [Broker id=0] Leader __consumer_offsets-49 with topic id Some(IKLsZhtDRzCl4W7mwWEdwA) starts at leader epoch 0 from offset 0 with partition epoch 0, high watermark 0, ISR [0], adding replicas [] and removing replicas []. Previous leader epoch was -1. (state.change.logger)
[2023-04-28 11:12:11,724] INFO [Broker id=0] Leader __consumer_offsets-39 with topic id Some(IKLsZhtDRzCl4W7mwWEdwA) starts at leader epoch 0 from offset 0 with partition epoch 0, high watermark 0, ISR [0], adding replicas [] and removing replicas []. Previous leader epoch was -1. (state.change.logger)
[2023-04-28 11:12:11,728] INFO [Broker id=0] Leader __consumer_offsets-9 with topic id Some(IKLsZhtDRzCl4W7mwWEdwA) starts at leader epoch 0 from offset 0 with partition epoch 0, high watermark 0, ISR [0], adding replicas [] and removing replicas []. Previous leader epoch was -1. (state.change.logger)
[2023-04-28 11:12:11,758] INFO [Broker id=0] Leader __consumer_offsets-24 with topic id Some(IKLsZhtDRzCl4W7mwWEdwA) starts at leader epoch 0 from offset 0 with partition epoch 0, high watermark 0, ISR [0], adding replicas [] and removing replicas []. Previous leader epoch was -1. (state.change.logger)
[2023-04-28 11:12:11,764] INFO [Broker id=0] Leader todos______-0 with topic id Some(PLX0wt8PRkiteg-K8Wt1nQ) starts at leader epoch 0 from offset 86 with partition epoch 0, high watermark 86, ISR [0], adding replicas [] and removing replicas []. Previous leader epoch was -1. (state.change.logger)
[2023-04-28 11:12:11,765] INFO [Broker id=0] Leader __consumer_offsets-31 with topic id Some(IKLsZhtDRzCl4W7mwWEdwA) starts at leader epoch 0 from offset 0 with partition epoch 0, high watermark 0, ISR [0], adding replicas [] and removing replicas []. Previous leader epoch was -1. (state.change.logger)
[2023-04-28 11:12:11,771] INFO [Broker id=0] Leader __consumer_offsets-46 with topic id Some(IKLsZhtDRzCl4W7mwWEdwA) starts at leader epoch 0 from offset 0 with partition epoch 0, high watermark 0, ISR [0], adding replicas [] and removing replicas []. Previous leader epoch was -1. (state.change.logger)
[2023-04-28 11:12:11,776] INFO [Broker id=0] Leader __consumer_offsets-1 with topic id Some(IKLsZhtDRzCl4W7mwWEdwA) starts at leader epoch 0 from offset 0 with partition epoch 0, high watermark 0, ISR [0], adding replicas [] and removing replicas []. Previous leader epoch was -1. (state.change.logger)
[2023-04-28 11:12:11,781] INFO [Broker id=0] Leader __consumer_offsets-16 with topic id Some(IKLsZhtDRzCl4W7mwWEdwA) starts at leader epoch 0 from offset 0 with partition epoch 0, high watermark 0, ISR [0], adding replicas [] and removing replicas []. Previous leader epoch was -1. (state.change.logger)
[2023-04-28 11:12:11,786] INFO [Broker id=0] Leader __consumer_offsets-2 with topic id Some(IKLsZhtDRzCl4W7mwWEdwA) starts at leader epoch 0 from offset 0 with partition epoch 0, high watermark 0, ISR [0], adding replicas [] and removing replicas []. Previous leader epoch was -1. (state.change.logger)
[2023-04-28 11:12:11,790] INFO [Broker id=0] Leader __consumer_offsets-25 with topic id Some(IKLsZhtDRzCl4W7mwWEdwA) starts at leader epoch 0 from offset 0 with partition epoch 0, high watermark 0, ISR [0], adding replicas [] and removing replicas []. Previous leader epoch was -1. (state.change.logger)
[2023-04-28 11:12:11,795] INFO [Broker id=0] Leader __consumer_offsets-40 with topic id Some(IKLsZhtDRzCl4W7mwWEdwA) starts at leader epoch 0 from offset 0 with partition epoch 0, high watermark 0, ISR [0], adding replicas [] and removing replicas []. Previous leader epoch was -1. (state.change.logger)
[2023-04-28 11:12:11,799] INFO [Broker id=0] Leader todos______-1 with topic id Some(PLX0wt8PRkiteg-K8Wt1nQ) starts at leader epoch 0 from offset 67 with partition epoch 0, high watermark 67, ISR [0], adding replicas [] and removing replicas []. Previous leader epoch was -1. (state.change.logger)
[2023-04-28 11:12:11,800] INFO [Broker id=0] Leader __consumer_offsets-47 with topic id Some(IKLsZhtDRzCl4W7mwWEdwA) starts at leader epoch 0 from offset 0 with partition epoch 0, high watermark 0, ISR [0], adding replicas [] and removing replicas []. Previous leader epoch was -1. (state.change.logger)
[2023-04-28 11:12:11,804] INFO [Broker id=0] Leader __consumer_offsets-17 with topic id Some(IKLsZhtDRzCl4W7mwWEdwA) starts at leader epoch 0 from offset 0 with partition epoch 0, high watermark 0, ISR [0], adding replicas [] and removing replicas []. Previous leader epoch was -1. (state.change.logger)
[2023-04-28 11:12:11,808] INFO [Broker id=0] Leader __consumer_offsets-32 with topic id Some(IKLsZhtDRzCl4W7mwWEdwA) starts at leader epoch 0 from offset 0 with partition epoch 0, high watermark 0, ISR [0], adding replicas [] and removing replicas []. Previous leader epoch was -1. (state.change.logger)
[2023-04-28 11:12:11,813] INFO [Broker id=0] Leader __consumer_offsets-37 with topic id Some(IKLsZhtDRzCl4W7mwWEdwA) starts at leader epoch 0 from offset 0 with partition epoch 0, high watermark 0, ISR [0], adding replicas [] and removing replicas []. Previous leader epoch was -1. (state.change.logger)
[2023-04-28 11:12:11,817] INFO [Broker id=0] Leader todos___-0 with topic id Some(AtfJvkb-SUK1glj2fm3tsg) starts at leader epoch 0 from offset 62 with partition epoch 0, high watermark 62, ISR [0], adding replicas [] and removing replicas []. Previous leader epoch was -1. (state.change.logger)
[2023-04-28 11:12:11,817] INFO [Broker id=0] Leader __consumer_offsets-7 with topic id Some(IKLsZhtDRzCl4W7mwWEdwA) starts at leader epoch 0 from offset 0 with partition epoch 0, high watermark 0, ISR [0], adding replicas [] and removing replicas []. Previous leader epoch was -1. (state.change.logger)
[2023-04-28 11:12:11,822] INFO [Broker id=0] Leader __consumer_offsets-22 with topic id Some(IKLsZhtDRzCl4W7mwWEdwA) starts at leader epoch 0 from offset 0 with partition epoch 0, high watermark 0, ISR [0], adding replicas [] and removing replicas []. Previous leader epoch was -1. (state.change.logger)
[2023-04-28 11:12:11,826] INFO [Broker id=0] Leader __consumer_offsets-29 with topic id Some(IKLsZhtDRzCl4W7mwWEdwA) starts at leader epoch 0 from offset 0 with partition epoch 0, high watermark 0, ISR [0], adding replicas [] and removing replicas []. Previous leader epoch was -1. (state.change.logger)
[2023-04-28 11:12:11,830] INFO [Broker id=0] Leader __consumer_offsets-44 with topic id Some(IKLsZhtDRzCl4W7mwWEdwA) starts at leader epoch 0 from offset 0 with partition epoch 0, high watermark 0, ISR [0], adding replicas [] and removing replicas []. Previous leader epoch was -1. (state.change.logger)
[2023-04-28 11:12:11,834] INFO [Broker id=0] Leader __consumer_offsets-14 with topic id Some(IKLsZhtDRzCl4W7mwWEdwA) starts at leader epoch 0 from offset 0 with partition epoch 0, high watermark 0, ISR [0], adding replicas [] and removing replicas []. Previous leader epoch was -1. (state.change.logger)
[2023-04-28 11:12:11,838] INFO [Broker id=0] Leader __consumer_offsets-23 with topic id Some(IKLsZhtDRzCl4W7mwWEdwA) starts at leader epoch 0 from offset 0 with partition epoch 0, high watermark 0, ISR [0], adding replicas [] and removing replicas []. Previous leader epoch was -1. (state.change.logger)
[2023-04-28 11:12:11,842] INFO [Broker id=0] Leader __consumer_offsets-38 with topic id Some(IKLsZhtDRzCl4W7mwWEdwA) starts at leader epoch 0 from offset 0 with partition epoch 0, high watermark 0, ISR [0], adding replicas [] and removing replicas []. Previous leader epoch was -1. (state.change.logger)
[2023-04-28 11:12:11,846] INFO [Broker id=0] Leader __consumer_offsets-8 with topic id Some(IKLsZhtDRzCl4W7mwWEdwA) starts at leader epoch 0 from offset 0 with partition epoch 0, high watermark 0, ISR [0], adding replicas [] and removing replicas []. Previous leader epoch was -1. (state.change.logger)
[2023-04-28 11:12:11,850] INFO [Broker id=0] Leader __consumer_offsets-45 with topic id Some(IKLsZhtDRzCl4W7mwWEdwA) starts at leader epoch 0 from offset 0 with partition epoch 0, high watermark 0, ISR [0], adding replicas [] and removing replicas []. Previous leader epoch was -1. (state.change.logger)
[2023-04-28 11:12:11,855] INFO [Broker id=0] Leader __consumer_offsets-15 with topic id Some(IKLsZhtDRzCl4W7mwWEdwA) starts at leader epoch 0 from offset 0 with partition epoch 0, high watermark 0, ISR [0], adding replicas [] and removing replicas []. Previous leader epoch was -1. (state.change.logger)
[2023-04-28 11:12:11,859] INFO [Broker id=0] Leader __consumer_offsets-30 with topic id Some(IKLsZhtDRzCl4W7mwWEdwA) starts at leader epoch 0 from offset 0 with partition epoch 0, high watermark 0, ISR [0], adding replicas [] and removing replicas []. Previous leader epoch was -1. (state.change.logger)
[2023-04-28 11:12:11,863] INFO [Broker id=0] Leader todos__-0 with topic id Some(S8n3R93uQWCFLL8EnutucQ) starts at leader epoch 0 from offset 1 with partition epoch 0, high watermark 1, ISR [0], adding replicas [] and removing replicas []. Previous leader epoch was -1. (state.change.logger)
[2023-04-28 11:12:11,864] INFO [Broker id=0] Leader __consumer_offsets-0 with topic id Some(IKLsZhtDRzCl4W7mwWEdwA) starts at leader epoch 0 from offset 0 with partition epoch 0, high watermark 0, ISR [0], adding replicas [] and removing replicas []. Previous leader epoch was -1. (state.change.logger)
[2023-04-28 11:12:11,867] INFO [Broker id=0] Leader __consumer_offsets-35 with topic id Some(IKLsZhtDRzCl4W7mwWEdwA) starts at leader epoch 0 from offset 0 with partition epoch 0, high watermark 0, ISR [0], adding replicas [] and removing replicas []. Previous leader epoch was -1. (state.change.logger)
[2023-04-28 11:12:11,872] INFO [Broker id=0] Leader __consumer_offsets-5 with topic id Some(IKLsZhtDRzCl4W7mwWEdwA) starts at leader epoch 0 from offset 0 with partition epoch 0, high watermark 0, ISR [0], adding replicas [] and removing replicas []. Previous leader epoch was -1. (state.change.logger)
[2023-04-28 11:12:11,876] INFO [Broker id=0] Leader __consumer_offsets-20 with topic id Some(IKLsZhtDRzCl4W7mwWEdwA) starts at leader epoch 0 from offset 0 with partition epoch 0, high watermark 0, ISR [0], adding replicas [] and removing replicas []. Previous leader epoch was -1. (state.change.logger)
[2023-04-28 11:12:11,880] INFO [Broker id=0] Leader __consumer_offsets-27 with topic id Some(IKLsZhtDRzCl4W7mwWEdwA) starts at leader epoch 0 from offset 0 with partition epoch 0, high watermark 0, ISR [0], adding replicas [] and removing replicas []. Previous leader epoch was -1. (state.change.logger)
[2023-04-28 11:12:11,884] INFO [Broker id=0] Leader __consumer_offsets-42 with topic id Some(IKLsZhtDRzCl4W7mwWEdwA) starts at leader epoch 0 from offset 0 with partition epoch 0, high watermark 0, ISR [0], adding replicas [] and removing replicas []. Previous leader epoch was -1. (state.change.logger)
[2023-04-28 11:12:11,888] INFO [Broker id=0] Leader __consumer_offsets-12 with topic id Some(IKLsZhtDRzCl4W7mwWEdwA) starts at leader epoch 0 from offset 218 with partition epoch 0, high watermark 218, ISR [0], adding replicas [] and removing replicas []. Previous leader epoch was -1. (state.change.logger)
[2023-04-28 11:12:11,888] INFO [Broker id=0] Leader todos___-1 with topic id Some(AtfJvkb-SUK1glj2fm3tsg) starts at leader epoch 0 from offset 0 with partition epoch 0, high watermark 0, ISR [0], adding replicas [] and removing replicas []. Previous leader epoch was -1. (state.change.logger)
[2023-04-28 11:12:11,893] INFO [Broker id=0] Leader __consumer_offsets-21 with topic id Some(IKLsZhtDRzCl4W7mwWEdwA) starts at leader epoch 0 from offset 0 with partition epoch 0, high watermark 0, ISR [0], adding replicas [] and removing replicas []. Previous leader epoch was -1. (state.change.logger)
[2023-04-28 11:12:11,897] INFO [Broker id=0] Leader __consumer_offsets-36 with topic id Some(IKLsZhtDRzCl4W7mwWEdwA) starts at leader epoch 0 from offset 0 with partition epoch 0, high watermark 0, ISR [0], adding replicas [] and removing replicas []. Previous leader epoch was -1. (state.change.logger)
[2023-04-28 11:12:11,906] INFO [Broker id=0] Leader __consumer_offsets-6 with topic id Some(IKLsZhtDRzCl4W7mwWEdwA) starts at leader epoch 0 from offset 0 with partition epoch 0, high watermark 0, ISR [0], adding replicas [] and removing replicas []. Previous leader epoch was -1. (state.change.logger)
[2023-04-28 11:12:11,909] INFO [Broker id=0] Leader __consumer_offsets-43 with topic id Some(IKLsZhtDRzCl4W7mwWEdwA) starts at leader epoch 0 from offset 0 with partition epoch 0, high watermark 0, ISR [0], adding replicas [] and removing replicas []. Previous leader epoch was -1. (state.change.logger)
[2023-04-28 11:12:11,914] INFO [Broker id=0] Leader __consumer_offsets-13 with topic id Some(IKLsZhtDRzCl4W7mwWEdwA) starts at leader epoch 0 from offset 0 with partition epoch 0, high watermark 0, ISR [0], adding replicas [] and removing replicas []. Previous leader epoch was -1. (state.change.logger)
[2023-04-28 11:12:11,919] INFO [Broker id=0] Leader __consumer_offsets-28 with topic id Some(IKLsZhtDRzCl4W7mwWEdwA) starts at leader epoch 0 from offset 0 with partition epoch 0, high watermark 0, ISR [0], adding replicas [] and removing replicas []. Previous leader epoch was -1. (state.change.logger)
[2023-04-28 11:12:11,996] INFO [Broker id=0] Finished LeaderAndIsr request in 590ms correlationId 1 from controller 0 for 58 partitions (state.change.logger)
[2023-04-28 11:12:12,005] INFO [Broker id=0] Add 58 partitions and deleted 0 partitions from metadata cache in response to UpdateMetadata request sent by controller 0 epoch 3 with correlation id 2 (state.change.logger)
[2023-04-28 11:26:04,283] INFO [Controller id=0 epoch=3] Changed partition mart-0 state from NonExistentPartition to NewPartition with assigned replicas 0 (state.change.logger)
[2023-04-28 11:26:04,283] INFO [Controller id=0 epoch=3] Sending UpdateMetadata request to brokers HashSet() for 0 partitions (state.change.logger)
[2023-04-28 11:26:04,285] INFO [Controller id=0 epoch=3] Sending UpdateMetadata request to brokers HashSet() for 0 partitions (state.change.logger)
[2023-04-28 11:26:04,314] INFO [Controller id=0 epoch=3] Changed partition mart-0 from NewPartition to OnlinePartition with state LeaderAndIsr(leader=0, leaderEpoch=0, isr=List(0), leaderRecoveryState=RECOVERED, partitionEpoch=0) (state.change.logger)
[2023-04-28 11:26:04,315] INFO [Controller id=0 epoch=3] Sending LeaderAndIsr request to broker 0 with 1 become-leader and 0 become-follower partitions (state.change.logger)
[2023-04-28 11:26:04,315] INFO [Controller id=0 epoch=3] Sending UpdateMetadata request to brokers HashSet(0) for 1 partitions (state.change.logger)
[2023-04-28 11:26:04,316] INFO [Controller id=0 epoch=3] Sending UpdateMetadata request to brokers HashSet() for 0 partitions (state.change.logger)
[2023-04-28 11:26:04,330] INFO [Broker id=0] Handling LeaderAndIsr request correlationId 3 from controller 0 for 1 partitions (state.change.logger)
[2023-04-28 11:26:04,332] INFO [Broker id=0] Stopped fetchers as part of LeaderAndIsr request correlationId 3 from controller 0 epoch 3 as part of the become-leader transition for 1 partitions (state.change.logger)
[2023-04-28 11:26:04,371] INFO [Broker id=0] Leader mart-0 with topic id Some(1ng7yKMyQvWhE0StcRWPVg) starts at leader epoch 0 from offset 0 with partition epoch 0, high watermark 0, ISR [0], adding replicas [] and removing replicas []. Previous leader epoch was -1. (state.change.logger)
[2023-04-28 11:26:04,378] INFO [Broker id=0] Finished LeaderAndIsr request in 48ms correlationId 3 from controller 0 for 1 partitions (state.change.logger)
[2023-04-28 11:26:04,381] INFO [Broker id=0] Add 1 partitions and deleted 0 partitions from metadata cache in response to UpdateMetadata request sent by controller 0 epoch 3 with correlation id 4 (state.change.logger)
[2023-04-28 11:50:24,167] INFO [Controller id=0 epoch=3] Changed partition data-0 state from NonExistentPartition to NewPartition with assigned replicas 0 (state.change.logger)
[2023-04-28 11:50:24,167] INFO [Controller id=0 epoch=3] Sending UpdateMetadata request to brokers HashSet() for 0 partitions (state.change.logger)
[2023-04-28 11:50:24,168] INFO [Controller id=0 epoch=3] Sending UpdateMetadata request to brokers HashSet() for 0 partitions (state.change.logger)
[2023-04-28 11:50:24,179] INFO [Controller id=0 epoch=3] Changed partition data-0 from NewPartition to OnlinePartition with state LeaderAndIsr(leader=0, leaderEpoch=0, isr=List(0), leaderRecoveryState=RECOVERED, partitionEpoch=0) (state.change.logger)
[2023-04-28 11:50:24,179] INFO [Controller id=0 epoch=3] Sending LeaderAndIsr request to broker 0 with 1 become-leader and 0 become-follower partitions (state.change.logger)
[2023-04-28 11:50:24,180] INFO [Controller id=0 epoch=3] Sending UpdateMetadata request to brokers HashSet(0) for 1 partitions (state.change.logger)
[2023-04-28 11:50:24,180] INFO [Controller id=0 epoch=3] Sending UpdateMetadata request to brokers HashSet() for 0 partitions (state.change.logger)
[2023-04-28 11:50:24,183] INFO [Broker id=0] Handling LeaderAndIsr request correlationId 5 from controller 0 for 1 partitions (state.change.logger)
[2023-04-28 11:50:24,186] INFO [Broker id=0] Stopped fetchers as part of LeaderAndIsr request correlationId 5 from controller 0 epoch 3 as part of the become-leader transition for 1 partitions (state.change.logger)
[2023-04-28 11:50:24,207] INFO [Broker id=0] Leader data-0 with topic id Some(_JpKY-cOSYG-eQDwr6263w) starts at leader epoch 0 from offset 0 with partition epoch 0, high watermark 0, ISR [0], adding replicas [] and removing replicas []. Previous leader epoch was -1. (state.change.logger)
[2023-04-28 11:50:24,216] INFO [Broker id=0] Finished LeaderAndIsr request in 32ms correlationId 5 from controller 0 for 1 partitions (state.change.logger)
[2023-04-28 11:50:24,217] INFO [Broker id=0] Add 1 partitions and deleted 0 partitions from metadata cache in response to UpdateMetadata request sent by controller 0 epoch 3 with correlation id 6 (state.change.logger)
[2023-04-28 16:11:24,141] INFO [Controller id=0 epoch=3] Sending UpdateMetadata request to brokers HashSet() for 0 partitions (state.change.logger)
